#
# There is insufficient memory for the Java Runtime Environment to continue.
# Native memory allocation (malloc) failed to allocate 46608 bytes for Chunk::new
# Possible reasons:
#   The system is out of physical RAM or swap space
#   In 32 bit mode, the process size limit was hit
# Possible solutions:
#   Reduce memory load on the system
#   Increase physical memory or swap space
#   Check if swap backing store is full
#   Use 64 bit Java on a 64 bit OS
#   Decrease Java heap size (-Xmx/-Xms)
#   Decrease number of Java threads
#   Decrease Java thread stack sizes (-Xss)
#   Set larger code cache with -XX:ReservedCodeCacheSize=
# This output file may be truncated or incomplete.
#
#  Out of Memory Error (allocation.cpp:390), pid=11376, tid=0x0000000000002b78
#
# JRE version: Java(TM) SE Runtime Environment (8.0_101-b13) (build 1.8.0_101-b13)
# Java VM: Java HotSpot(TM) 64-Bit Server VM (25.101-b13 mixed mode windows-amd64 compressed oops)
# Failed to write core dump. Minidumps are not enabled by default on client versions of Windows
#

---------------  T H R E A D  ---------------

Current thread (0x00000000167c4800):  JavaThread "C2 CompilerThread0" daemon [_thread_in_native, id=11128, stack(0x0000000017e30000,0x0000000017f30000)]

Stack: [0x0000000017e30000,0x0000000017f30000]
[error occurred during error reporting (printing stack bounds), id 0xc0000005]

Native frames: (J=compiled Java code, j=interpreted, Vv=VM code, C=native code)


Current CompileTask:
C2:  10065  391       4       java.lang.String::indexOf (166 bytes)


---------------  P R O C E S S  ---------------

Java Threads: ( => current thread )
  0x0000000016809000 JavaThread "Service Thread" daemon [_thread_blocked, id=8944, stack(0x0000000018130000,0x0000000018230000)]
  0x00000000167cd800 JavaThread "C1 CompilerThread2" daemon [_thread_blocked, id=9368, stack(0x0000000018030000,0x0000000018130000)]
  0x00000000167c9000 JavaThread "C2 CompilerThread1" daemon [_thread_blocked, id=1128, stack(0x0000000017f30000,0x0000000018030000)]
=>0x00000000167c4800 JavaThread "C2 CompilerThread0" daemon [_thread_in_native, id=11128, stack(0x0000000017e30000,0x0000000017f30000)]
  0x00000000167c3800 JavaThread "Attach Listener" daemon [_thread_blocked, id=6656, stack(0x0000000017d30000,0x0000000017e30000)]
  0x00000000167c0800 JavaThread "Signal Dispatcher" daemon [_thread_blocked, id=7936, stack(0x0000000017c30000,0x0000000017d30000)]
  0x00000000167aa800 JavaThread "Finalizer" daemon [_thread_blocked, id=7088, stack(0x0000000017a20000,0x0000000017b20000)]
  0x0000000002ff3000 JavaThread "Reference Handler" daemon [_thread_blocked, id=9820, stack(0x0000000017920000,0x0000000017a20000)]
  0x0000000002f02800 JavaThread "main" [_thread_in_Java, id=9996, stack(0x0000000002dd0000,0x0000000002ed0000)]

Other Threads:
  0x0000000016787800 VMThread [stack: 0x0000000017820000,0x0000000017920000] [id=2180]
  0x000000001681e800 WatcherThread [stack: 0x0000000018630000,0x0000000018730000] [id=5000]

VM state:not at safepoint (normal execution)

VM Mutex/Monitor currently owned by a thread: None

Heap:
 PSYoungGen      total 28160K, used 12297K [0x00000000e1100000, 0x00000000e3000000, 0x0000000100000000)
  eden space 24576K, 50% used [0x00000000e1100000,0x00000000e1d02548,0x00000000e2900000)
  from space 3584K, 0% used [0x00000000e2c80000,0x00000000e2c80000,0x00000000e3000000)
  to   space 3584K, 0% used [0x00000000e2900000,0x00000000e2900000,0x00000000e2c80000)
 ParOldGen       total 64512K, used 0K [0x00000000a3200000, 0x00000000a7100000, 0x00000000e1100000)
  object space 64512K, 0% used [0x00000000a3200000,0x00000000a3200000,0x00000000a7100000)
 Metaspace       used 5838K, capacity 6060K, committed 6272K, reserved 1056768K
  class space    used 743K, capacity 804K, committed 896K, reserved 1048576K

Card table byte_map: [0x00000000123c0000,0x00000000126b0000] byte_map_base: 0x0000000011ea7000

Marking Bits: (ParMarkBitMap*) 0x0000000057dca6d0
 Begin Bits: [0x0000000012ca0000, 0x00000000143d8000)
 End Bits:   [0x00000000143d8000, 0x0000000015b10000)

Polling page: 0x0000000002db0000

CodeCache: size=245760Kb used=1934Kb max_used=1934Kb free=243825Kb
 bounds [0x0000000003000000, 0x0000000003270000, 0x0000000012000000]
 total_blobs=668 nmethods=391 adapters=190
 compilation: enabled

Compilation events (10 events):
Event: 10.050 Thread 0x00000000167cd800 nmethod 386 0x00000000031ded10 code [0x00000000031deea0, 0x00000000031df268]
Event: 10.050 Thread 0x00000000167cd800  388   !   3       java.util.zip.ZipFile$ZipFileInflaterInputStream::close (67 bytes)
Event: 10.051 Thread 0x00000000167cd800 nmethod 388 0x00000000031ddf90 code [0x00000000031de160, 0x00000000031de958]
Event: 10.051 Thread 0x00000000167cd800  389       3       java.util.zip.InflaterInputStream::close (34 bytes)
Event: 10.051 Thread 0x00000000167cd800 nmethod 389 0x00000000031dda10 code [0x00000000031ddb80, 0x00000000031dde78]
Event: 10.051 Thread 0x00000000167cd800  390       3       java.util.zip.ZipFile::access$100 (6 bytes)
Event: 10.051 Thread 0x00000000167cd800 nmethod 390 0x00000000031dd690 code [0x00000000031dd800, 0x00000000031dd968]
Event: 10.055 Thread 0x00000000167c4800  391       4       java.lang.String::indexOf (166 bytes)
Event: 10.058 Thread 0x00000000167cd800  392       3       java.net.URLStreamHandler::toExternalForm (219 bytes)
Event: 10.060 Thread 0x00000000167cd800 nmethod 392 0x00000000031dff90 code [0x00000000031e02c0, 0x00000000031e3678]

GC Heap History (0 events):
No events

Deoptimization events (1 events):
Event: 8.173 Thread 0x0000000002f02800 Uncommon trap: reason=unstable_if action=reinterpret pc=0x00000000031780d0 method=java.lang.String.startsWith(Ljava/lang/String;I)Z @ 25

Internal exceptions (10 events):
Event: 0.615 Thread 0x0000000002f02800 Exception <a 'java/lang/NoSuchMethodError': Method sun.misc.Unsafe.prefetchRead(Ljava/lang/Object;J)V name or signature does not match> (0x00000000e1107fa8) thrown at [C:\re\workspace\8-2-build-windows-amd64-cygwin\jdk8u101\7261\hotspot\src\share\vm\prims\ÁÏ´gSs÷?
Event: 1.466 Thread 0x0000000002f02800 Exception <a 'java/security/PrivilegedActionException'> (0x00000000e12778a8) thrown at [C:\re\workspace\8-2-build-windows-amd64-cygwin\jdk8u101\7261\hotspot\src\share\vm\prims\jvm.cpp, line 1386]
Event: 1.466 Thread 0x0000000002f02800 Exception <a 'java/security/PrivilegedActionException'> (0x00000000e1277ab8) thrown at [C:\re\workspace\8-2-build-windows-amd64-cygwin\jdk8u101\7261\hotspot\src\share\vm\prims\jvm.cpp, line 1386]
Event: 1.467 Thread 0x0000000002f02800 Exception <a 'java/security/PrivilegedActionException'> (0x00000000e127b9a0) thrown at [C:\re\workspace\8-2-build-windows-amd64-cygwin\jdk8u101\7261\hotspot\src\share\vm\prims\jvm.cpp, line 1386]
Event: 1.467 Thread 0x0000000002f02800 Exception <a 'java/security/PrivilegedActionException'> (0x00000000e127bbb0) thrown at [C:\re\workspace\8-2-build-windows-amd64-cygwin\jdk8u101\7261\hotspot\src\share\vm\prims\jvm.cpp, line 1386]
Event: 8.341 Thread 0x0000000002f02800 Exception <a 'java/lang/ArrayIndexOutOfBoundsException': 100> (0x00000000e17ae0d8) thrown at [C:\re\workspace\8-2-build-windows-amd64-cygwin\jdk8u101\7261\hotspot\src\share\vm\interpreter\interpreterRuntime.cpp, line 366]
Event: 8.353 Thread 0x0000000002f02800 Exception <a 'java/lang/ArrayIndexOutOfBoundsException': 18> (0x00000000e17aeff0) thrown at [C:\re\workspace\8-2-build-windows-amd64-cygwin\jdk8u101\7261\hotspot\src\share\vm\interpreter\interpreterRuntime.cpp, line 366]
Event: 8.353 Thread 0x0000000002f02800 Exception <a 'java/lang/ArrayIndexOutOfBoundsException': 40> (0x00000000e17afc20) thrown at [C:\re\workspace\8-2-build-windows-amd64-cygwin\jdk8u101\7261\hotspot\src\share\vm\interpreter\interpreterRuntime.cpp, line 366]
Event: 8.817 Thread 0x0000000002f02800 Exception <a 'java/lang/ArrayIndexOutOfBoundsException'> (0x00000000e1b4cf38) thrown at [C:\re\workspace\8-2-build-windows-amd64-cygwin\jdk8u101\7261\hotspot\src\share\vm\runtime\sharedRuntime.cpp, line 605]
Event: 8.818 Thread 0x0000000002f02800 Exception <a 'java/lang/ArrayIndexOutOfBoundsException'> (0x00000000e1b4ddf8) thrown at [C:\re\workspace\8-2-build-windows-amd64-cygwin\jdk8u101\7261\hotspot\src\share\vm\runtime\sharedRuntime.cpp, line 605]

Events (10 events):
Event: 10.057 loading class net/rubygrapefruit/platform/Native
Event: 10.057 loading class net/rubygrapefruit/platform/Native done
Event: 10.057 loading class net/rubygrapefruit/platform/internal/Platform
Event: 10.057 loading class net/rubygrapefruit/platform/internal/Platform done
Event: 10.060 loading class net/rubygrapefruit/platform/internal/Platform$Window32Bit
Event: 10.060 loading class net/rubygrapefruit/platform/internal/Platform$Window32Bit done
Event: 10.061 loading class net/rubygrapefruit/platform/internal/Platform$Windows
Event: 10.061 loading class net/rubygrapefruit/platform/internal/Platform$Windows done
Event: 10.061 loading class net/rubygrapefruit/platform/internal/Platform$Window64Bit
Event: 10.061 loading class net/rubygrapefruit/platform/internal/Platform$Window64Bit done


Dynamic libraries:
0x00007ff7ec240000 - 0x00007ff7ec277000 	C:\Program Files\java\jdk1.8.0_101\bin\java.exe
0x00007ffcf7f30000 - 0x00007ffcf80f2000 	C:\WINDOWS\SYSTEM32\ntdll.dll
0x00007ffcf7c20000 - 0x00007ffcf7ccd000 	C:\WINDOWS\system32\KERNEL32.DLL
0x00007ffcf4da0000 - 0x00007ffcf4f7d000 	C:\WINDOWS\system32\KERNELBASE.dll
0x00007ffcf6b90000 - 0x00007ffcf6c36000 	C:\WINDOWS\system32\ADVAPI32.dll
0x00007ffcf6c60000 - 0x00007ffcf6cfd000 	C:\WINDOWS\system32\msvcrt.dll
0x00007ffcf7ce0000 - 0x00007ffcf7d3b000 	C:\WINDOWS\system32\sechost.dll
0x00007ffcf6d00000 - 0x00007ffcf6e26000 	C:\WINDOWS\system32\RPCRT4.dll
0x00007ffcf7110000 - 0x00007ffcf725e000 	C:\WINDOWS\system32\USER32.dll
0x00007ffcf74e0000 - 0x00007ffcf7665000 	C:\WINDOWS\system32\GDI32.dll
0x00007ffce6830000 - 0x00007ffce6aa4000 	C:\WINDOWS\WinSxS\amd64_microsoft.windows.common-controls_6595b64144ccf1df_6.0.10240.16384_none_f41f7b285750ef43\COMCTL32.dll
0x00007ffcf6e90000 - 0x00007ffcf6ec6000 	C:\WINDOWS\system32\IMM32.DLL
0x00007ffcf6fb0000 - 0x00007ffcf710c000 	C:\WINDOWS\system32\MSCTF.dll
0x0000000058060000 - 0x0000000058132000 	C:\Program Files\java\jdk1.8.0_101\jre\bin\msvcr100.dll
0x00000000575b0000 - 0x0000000057e4a000 	C:\Program Files\java\jdk1.8.0_101\jre\bin\server\jvm.dll
0x00007ffcf7c10000 - 0x00007ffcf7c18000 	C:\WINDOWS\system32\PSAPI.DLL
0x00007ffcf2e70000 - 0x00007ffcf2e7a000 	C:\WINDOWS\SYSTEM32\VERSION.dll
0x00007ffce7a30000 - 0x00007ffce7a53000 	C:\WINDOWS\SYSTEM32\WINMM.dll
0x00007ffcec670000 - 0x00007ffcec679000 	C:\WINDOWS\SYSTEM32\WSOCK32.dll
0x00007ffcf7a50000 - 0x00007ffcf7ab9000 	C:\WINDOWS\system32\WS2_32.dll
0x00007ffcf7cd0000 - 0x00007ffcf7cd8000 	C:\WINDOWS\system32\NSI.dll
0x00007ffce7a00000 - 0x00007ffce7a2c000 	C:\WINDOWS\SYSTEM32\WINMMBASE.dll
0x00007ffcf55b0000 - 0x00007ffcf55f4000 	C:\WINDOWS\system32\cfgmgr32.dll
0x00007ffcf3230000 - 0x00007ffcf3257000 	C:\WINDOWS\SYSTEM32\DEVOBJ.dll
0x0000000058050000 - 0x000000005805f000 	C:\Program Files\java\jdk1.8.0_101\jre\bin\verify.dll
0x0000000058020000 - 0x0000000058049000 	C:\Program Files\java\jdk1.8.0_101\jre\bin\java.dll
0x0000000058000000 - 0x0000000058016000 	C:\Program Files\java\jdk1.8.0_101\jre\bin\zip.dll
0x00007ffcf5660000 - 0x00007ffcf6b85000 	C:\WINDOWS\system32\SHELL32.dll
0x00007ffcf4f80000 - 0x00007ffcf55a8000 	C:\WINDOWS\system32\windows.storage.dll
0x00007ffcf7260000 - 0x00007ffcf74dc000 	C:\WINDOWS\system32\combase.dll
0x00007ffcf6e30000 - 0x00007ffcf6e81000 	C:\WINDOWS\system32\shlwapi.dll
0x00007ffcf49d0000 - 0x00007ffcf49df000 	C:\WINDOWS\system32\kernel.appcore.dll
0x00007ffcf4ce0000 - 0x00007ffcf4d93000 	C:\WINDOWS\system32\shcore.dll
0x00007ffcf4960000 - 0x00007ffcf49aa000 	C:\WINDOWS\system32\powrprof.dll
0x00007ffcf49e0000 - 0x00007ffcf49f3000 	C:\WINDOWS\system32\profapi.dll
0x0000000057fe0000 - 0x0000000057ffa000 	C:\Program Files\Java\jdk1.8.0_101\jre\bin\net.dll
0x00007ffcf41f0000 - 0x00007ffcf424d000 	C:\WINDOWS\system32\mswsock.dll
0x0000000057fc0000 - 0x0000000057fd1000 	C:\Program Files\Java\jdk1.8.0_101\jre\bin\nio.dll

VM Arguments:
jvm_args: -Dorg.gradle.appname=gradlew 
java_command: org.gradle.wrapper.GradleWrapperMain cdvBuildDebug -b C:\Users\jparedes\Documents\Cordova\alfa\platforms\android\build.gradle -Dorg.gradle.daemon=true -Dorg.gradle.jvmargs=-Xmx2048m -Pandroid.useDeprecatedNdk=true
java_class_path (initial): C:\Users\jparedes\Documents\Cordova\alfa\platforms\android\\gradle\wrapper\gradle-wrapper.jar
Launcher Type: SUN_STANDARD

Environment Variables:
JAVA_HOME=C:\Program Files\java\jdk1.8.0_101
CLASSPATH=C:\Users\jparedes\Documents\Cordova\alfa\platforms\android\\gradle\wrapper\gradle-wrapper.jar
PATH=C:\Users\jparedes\AppData\Roaming\npm;C:\Program Files\nodejs\;C:\ProgramData\Oracle\Java\javapath;C:\WINDOWS\system32;C:\WINDOWS;C:\WINDOWS\System32\Wbem;C:\WINDOWS\System32\WindowsPowerShell\v1.0\;C:\Users\lberjez\.dnx\bin;C:\Program Files\Microsoft DNX\Dnvm\;C:\Program Files\Microsoft SQL Server\130\Tools\Binn\;C:\Program Files\TortoiseSVN\bin;C:\Program Files (x86)\Android\android-sdk\tools;C:\Program Files (x86)\Android\android-sdk\platform-tools;C:\Program Files (x86)\Microsoft Visual Studio\Common\Tools\WinNT;C:\Program Files (x86)\Microsoft Visual Studio\Common\MSDev98\Bin;C:\Program Files (x86)\Microsoft Visual Studio\Common\Tools;C:\Program Files (x86)\Microsoft Visual Studio\VC98\bin;C:\Users\lberjez\AppData\Roaming\npm;C:\Program Files (x86)\Android\android-sdk;C:\Program Files (x86)\Android\android-sdk;C:\adb;C:\Program Files (x86)\Skype\Phone\;C:\Program Files\Git\cmd;C:\Program Files (x86)\Calibre2\;C:\Program Files\Microsoft SQL Server\Client SDK\ODBC\130\Tools\Binn\;C:\Program Files (x86)\Microsoft SQL Server\130\Tools\Binn\;C:\Program Files\Microsoft SQL Server\130\DTS\Binn\;C:\Program Files (x86)\Microsoft SQL Server\Client SDK\ODBC\130\Tools\Binn\;C:\Program Files (x86)\Microsoft SQL Server\130\DTS\Binn\;C:\Program Files (x86)\Microsoft SQL Server\130\Tools\Binn\ManagementStudio\;C:\Users\jparedes\.dnx\bin;C:\Program Files\Microsoft DNX\Dnvm\;C:\Program Files (x86)\Windows Kits\8.1\Windows Performance Toolkit\;C:\Program Files (x86)\Microsoft Emulator Manager\1.0\;C:\Program Files\VisualSVN Server\bin;C:\Program Files (x86)\Bitvise SSH Client;C:\Program Files\nodejs\;C:\Program Files (x86)\Microsoft VS Code\bin;C:\Users\jparedes\AppData\Local\GitHubDesktop\bin;C:\Users\jparedes\AppData\Roaming\npm;C:\Program Files\java\jdk1.8.0_101\bin
USERNAME=jparedes
OS=Windows_NT
PROCESSOR_IDENTIFIER=Intel64 Family 6 Model 58 Stepping 9, GenuineIntel



---------------  S Y S T E M  ---------------

OS: Windows 10.0 , 64 bit Build 10240 (10.0.10240.16384)

CPU:total 4 (2 cores per cpu, 2 threads per core) family 6 model 58 stepping 9, cmov, cx8, fxsr, mmx, sse, sse2, sse3, ssse3, sse4.1, sse4.2, popcnt, avx, aes, clmul, erms, ht, tsc, tscinvbit, tscinv

Memory: 4k page, physical 6085992k(756496k free), swap 24960360k(896k free)

vm_info: Java HotSpot(TM) 64-Bit Server VM (25.101-b13) for windows-amd64 JRE (1.8.0_101-b13), built on Jun 22 2016 01:21:29 by "java_re" with MS VC++ 10.0 (VS2010)

time: Wed Apr 04 17:03:32 2018
elapsed time: 10 seconds (0d 0h 0m 10s)

