#
# There is insufficient memory for the Java Runtime Environment to continue.
# Native memory allocation (malloc) failed to allocate 1520496 bytes for Chunk::new
# Possible reasons:
#   The system is out of physical RAM or swap space
#   In 32 bit mode, the process size limit was hit
# Possible solutions:
#   Reduce memory load on the system
#   Increase physical memory or swap space
#   Check if swap backing store is full
#   Use 64 bit Java on a 64 bit OS
#   Decrease Java heap size (-Xmx/-Xms)
#   Decrease number of Java threads
#   Decrease Java thread stack sizes (-Xss)
#   Set larger code cache with -XX:ReservedCodeCacheSize=
# This output file may be truncated or incomplete.
#
#  Out of Memory Error (allocation.cpp:390), pid=7088, tid=0x0000000000002a24
#
# JRE version: Java(TM) SE Runtime Environment (8.0_101-b13) (build 1.8.0_101-b13)
# Java VM: Java HotSpot(TM) 64-Bit Server VM (25.101-b13 mixed mode windows-amd64 compressed oops)
# Failed to write core dump. Minidumps are not enabled by default on client versions of Windows
#

---------------  T H R E A D  ---------------

Current thread (0x0000000017086000):  JavaThread "C2 CompilerThread0" daemon [_thread_in_native, id=10788, stack(0x00000000186f0000,0x00000000187f0000)]

Stack: [0x00000000186f0000,0x00000000187f0000]
[error occurred during error reporting (printing stack bounds), id 0xc0000005]

Native frames: (J=compiled Java code, j=interpreted, Vv=VM code, C=native code)


Current CompileTask:
C2:   3807 1567       4       java.net.URLClassLoader$1::run (5 bytes)


---------------  P R O C E S S  ---------------

Java Threads: ( => current thread )
  0x0000000019db5800 JavaThread "Stdin handler" [_thread_blocked, id=6704, stack(0x000000001b740000,0x000000001b840000)]
  0x0000000019db4800 JavaThread "Asynchronous log dispatcher for org.gradle.launcher.daemon.server.DefaultDaemonConnection@470cee25" [_thread_blocked, id=6184, stack(0x000000001b640000,0x000000001b740000)]
  0x0000000019a7e000 JavaThread "Daemon worker" [_thread_in_native, id=11020, stack(0x000000001b340000,0x000000001b440000)]
  0x0000000019a73000 JavaThread "Cancel handler" [_thread_blocked, id=10676, stack(0x000000001b240000,0x000000001b340000)]
  0x0000000019a83000 JavaThread "Handler for socket connection from /127.0.0.1:52981 to /127.0.0.1:52986" [_thread_in_native, id=10892, stack(0x000000001b140000,0x000000001b240000)]
  0x0000000019a80000 JavaThread "Daemon" [_thread_blocked, id=2432, stack(0x000000001b040000,0x000000001b140000)]
  0x0000000019980000 JavaThread "Incoming local TCP Connector on port 52981" [_thread_in_native, id=4060, stack(0x000000001ae40000,0x000000001af40000)]
  0x0000000019ef5000 JavaThread "pool-1-thread-1" [_thread_blocked, id=9164, stack(0x000000001ab40000,0x000000001ac40000)]
  0x00000000170dd800 JavaThread "Service Thread" daemon [_thread_blocked, id=1100, stack(0x0000000018df0000,0x0000000018ef0000)]
  0x000000001708e800 JavaThread "C1 CompilerThread2" daemon [_thread_blocked, id=10752, stack(0x00000000188f0000,0x00000000189f0000)]
  0x000000001708a000 JavaThread "C2 CompilerThread1" daemon [_thread_in_native, id=7732, stack(0x00000000187f0000,0x00000000188f0000)]
=>0x0000000017086000 JavaThread "C2 CompilerThread0" daemon [_thread_in_native, id=10788, stack(0x00000000186f0000,0x00000000187f0000)]
  0x0000000017084800 JavaThread "Attach Listener" daemon [_thread_blocked, id=10268, stack(0x00000000185f0000,0x00000000186f0000)]
  0x0000000017081000 JavaThread "Signal Dispatcher" daemon [_thread_blocked, id=9172, stack(0x00000000184f0000,0x00000000185f0000)]
  0x000000001706a800 JavaThread "Finalizer" daemon [_thread_blocked, id=10392, stack(0x00000000182f0000,0x00000000183f0000)]
  0x0000000002453000 JavaThread "Reference Handler" daemon [_thread_blocked, id=9468, stack(0x00000000181f0000,0x00000000182f0000)]
  0x0000000002362800 JavaThread "main" [_thread_blocked, id=5284, stack(0x0000000002260000,0x0000000002360000)]

Other Threads:
  0x0000000017048000 VMThread [stack: 0x00000000180f0000,0x00000000181f0000] [id=10288]
  0x0000000018a1f000 WatcherThread [stack: 0x0000000018ef0000,0x0000000018ff0000] [id=9792]

VM state:not at safepoint (normal execution)

VM Mutex/Monitor currently owned by a thread: None

Heap:
 PSYoungGen      total 28160K, used 27791K [0x00000000d5580000, 0x00000000d7480000, 0x0000000100000000)
  eden space 24576K, 98% used [0x00000000d5580000,0x00000000d6d27df0,0x00000000d6d80000)
  from space 3584K, 99% used [0x00000000d6d80000,0x00000000d70fc010,0x00000000d7100000)
  to   space 3584K, 0% used [0x00000000d7100000,0x00000000d7100000,0x00000000d7480000)
 ParOldGen       total 64512K, used 2932K [0x0000000080000000, 0x0000000083f00000, 0x00000000d5580000)
  object space 64512K, 4% used [0x0000000080000000,0x00000000802dd3a8,0x0000000083f00000)
 Metaspace       used 18334K, capacity 18720K, committed 19072K, reserved 1064960K
  class space    used 2477K, capacity 2590K, committed 2688K, reserved 1048576K

Card table byte_map: [0x0000000011820000,0x0000000011c30000] byte_map_base: 0x0000000011420000

Marking Bits: (ParMarkBitMap*) 0x00000000602da6d0
 Begin Bits: [0x00000000122e0000, 0x00000000142e0000)
 End Bits:   [0x00000000142e0000, 0x00000000162e0000)

Polling page: 0x00000000020b0000

CodeCache: size=245760Kb used=5442Kb max_used=5442Kb free=240317Kb
 bounds [0x0000000002460000, 0x00000000029c0000, 0x0000000011460000]
 total_blobs=2012 nmethods=1630 adapters=294
 compilation: enabled

Compilation events (10 events):
Event: 3.785 Thread 0x000000001708e800 1627       3       java.util.Hashtable$Enumerator::nextElement (111 bytes)
Event: 3.786 Thread 0x000000001708e800 nmethod 1627 0x00000000029aff50 code [0x00000000029b00e0, 0x00000000029b0548]
Event: 3.787 Thread 0x000000001708e800 1628       3       java.util.StringTokenizer::setMaxDelimCodePoint (156 bytes)
Event: 3.788 Thread 0x000000001708e800 nmethod 1628 0x00000000029b0750 code [0x00000000029b0940, 0x00000000029b1428]
Event: 3.788 Thread 0x000000001708e800 1629       1       sun.util.locale.BaseLocale::getLanguage (5 bytes)
Event: 3.788 Thread 0x000000001708e800 nmethod 1629 0x00000000029b1850 code [0x00000000029b19a0, 0x00000000029b1ab0]
Event: 3.789 Thread 0x000000001708e800 1630       3       java.lang.StringBuilder::append (8 bytes)
Event: 3.790 Thread 0x000000001708e800 nmethod 1630 0x00000000029b1b10 code [0x00000000029b1c80, 0x00000000029b1e08]
Event: 3.790 Thread 0x000000001708e800 1631       3       java.lang.AbstractStringBuilder::append (50 bytes)
Event: 3.790 Thread 0x000000001708e800 nmethod 1631 0x00000000029b1e90 code [0x00000000029b2020, 0x00000000029b2528]

GC Heap History (6 events):
Event: 0.703 GC heap before
{Heap before GC invocations=1 (full 0):
 PSYoungGen      total 28160K, used 24576K [0x00000000d5580000, 0x00000000d7480000, 0x0000000100000000)
  eden space 24576K, 100% used [0x00000000d5580000,0x00000000d6d80000,0x00000000d6d80000)
  from space 3584K, 0% used [0x00000000d7100000,0x00000000d7100000,0x00000000d7480000)
  to   space 3584K, 0% used [0x00000000d6d80000,0x00000000d6d80000,0x00000000d7100000)
 ParOldGen       total 64512K, used 0K [0x0000000080000000, 0x0000000083f00000, 0x00000000d5580000)
  object space 64512K, 0% used [0x0000000080000000,0x0000000080000000,0x0000000083f00000)
 Metaspace       used 6048K, capacity 6308K, committed 6528K, reserved 1056768K
  class space    used 778K, capacity 828K, committed 896K, reserved 1048576K
Event: 0.708 GC heap after
Heap after GC invocations=1 (full 0):
 PSYoungGen      total 28160K, used 3329K [0x00000000d5580000, 0x00000000d7480000, 0x0000000100000000)
  eden space 24576K, 0% used [0x00000000d5580000,0x00000000d5580000,0x00000000d6d80000)
  from space 3584K, 92% used [0x00000000d6d80000,0x00000000d70c0478,0x00000000d7100000)
  to   space 3584K, 0% used [0x00000000d7100000,0x00000000d7100000,0x00000000d7480000)
 ParOldGen       total 64512K, used 8K [0x0000000080000000, 0x0000000083f00000, 0x00000000d5580000)
  object space 64512K, 0% used [0x0000000080000000,0x0000000080002000,0x0000000083f00000)
 Metaspace       used 6048K, capacity 6308K, committed 6528K, reserved 1056768K
  class space    used 778K, capacity 828K, committed 896K, reserved 1048576K
}
Event: 2.609 GC heap before
{Heap before GC invocations=2 (full 0):
 PSYoungGen      total 28160K, used 27905K [0x00000000d5580000, 0x00000000d7480000, 0x0000000100000000)
  eden space 24576K, 100% used [0x00000000d5580000,0x00000000d6d80000,0x00000000d6d80000)
  from space 3584K, 92% used [0x00000000d6d80000,0x00000000d70c0478,0x00000000d7100000)
  to   space 3584K, 0% used [0x00000000d7100000,0x00000000d7100000,0x00000000d7480000)
 ParOldGen       total 64512K, used 8K [0x0000000080000000, 0x0000000083f00000, 0x00000000d5580000)
  object space 64512K, 0% used [0x0000000080000000,0x0000000080002000,0x0000000083f00000)
 Metaspace       used 10049K, capacity 10330K, committed 10624K, reserved 1058816K
  class space    used 1294K, capacity 1363K, committed 1408K, reserved 1048576K
Event: 2.615 GC heap after
Heap after GC invocations=2 (full 0):
 PSYoungGen      total 28160K, used 3560K [0x00000000d5580000, 0x00000000d7480000, 0x0000000100000000)
  eden space 24576K, 0% used [0x00000000d5580000,0x00000000d5580000,0x00000000d6d80000)
  from space 3584K, 99% used [0x00000000d7100000,0x00000000d747a308,0x00000000d7480000)
  to   space 3584K, 0% used [0x00000000d6d80000,0x00000000d6d80000,0x00000000d7100000)
 ParOldGen       total 64512K, used 658K [0x0000000080000000, 0x0000000083f00000, 0x00000000d5580000)
  object space 64512K, 1% used [0x0000000080000000,0x00000000800a4b20,0x0000000083f00000)
 Metaspace       used 10049K, capacity 10330K, committed 10624K, reserved 1058816K
  class space    used 1294K, capacity 1363K, committed 1408K, reserved 1048576K
}
Event: 3.213 GC heap before
{Heap before GC invocations=3 (full 0):
 PSYoungGen      total 28160K, used 28136K [0x00000000d5580000, 0x00000000d7480000, 0x0000000100000000)
  eden space 24576K, 100% used [0x00000000d5580000,0x00000000d6d80000,0x00000000d6d80000)
  from space 3584K, 99% used [0x00000000d7100000,0x00000000d747a308,0x00000000d7480000)
  to   space 3584K, 0% used [0x00000000d6d80000,0x00000000d6d80000,0x00000000d7100000)
 ParOldGen       total 64512K, used 658K [0x0000000080000000, 0x0000000083f00000, 0x00000000d5580000)
  object space 64512K, 1% used [0x0000000080000000,0x00000000800a4b20,0x0000000083f00000)
 Metaspace       used 13553K, capacity 13920K, committed 14080K, reserved 1060864K
  class space    used 1837K, capacity 1950K, committed 2048K, reserved 1048576K
Event: 3.221 GC heap after
Heap after GC invocations=3 (full 0):
 PSYoungGen      total 28160K, used 3568K [0x00000000d5580000, 0x00000000d7480000, 0x0000000100000000)
  eden space 24576K, 0% used [0x00000000d5580000,0x00000000d5580000,0x00000000d6d80000)
  from space 3584K, 99% used [0x00000000d6d80000,0x00000000d70fc010,0x00000000d7100000)
  to   space 3584K, 0% used [0x00000000d7100000,0x00000000d7100000,0x00000000d7480000)
 ParOldGen       total 64512K, used 2932K [0x0000000080000000, 0x0000000083f00000, 0x00000000d5580000)
  object space 64512K, 4% used [0x0000000080000000,0x00000000802dd3a8,0x0000000083f00000)
 Metaspace       used 13553K, capacity 13920K, committed 14080K, reserved 1060864K
  class space    used 1837K, capacity 1950K, committed 2048K, reserved 1048576K
}

Deoptimization events (10 events):
Event: 3.080 Thread 0x0000000019a7e000 Uncommon trap: reason=class_check action=maybe_recompile pc=0x00000000026d946c method=java.util.HashMap.putVal(ILjava/lang/Object;Ljava/lang/Object;ZZ)Ljava/lang/Object; @ 203
Event: 3.143 Thread 0x0000000019a7e000 Uncommon trap: reason=unstable_if action=reinterpret pc=0x00000000025b0ac8 method=java.net.URI.match(CJJ)Z @ 19
Event: 3.551 Thread 0x0000000019a7e000 Uncommon trap: reason=class_check action=maybe_recompile pc=0x000000000269595c method=java.util.regex.Matcher.match(II)Z @ 86
Event: 3.551 Thread 0x0000000019a7e000 Uncommon trap: reason=class_check action=maybe_recompile pc=0x000000000269595c method=java.util.regex.Matcher.match(II)Z @ 86
Event: 3.615 Thread 0x0000000019a7e000 Uncommon trap: reason=class_check action=maybe_recompile pc=0x000000000295f174 method=org.gradle.internal.service.DefaultServiceRegistry$SingletonService.getService(Lorg/gradle/internal/service/DefaultServiceRegistry$LookupContext;Lorg/gradle/internal/serv]=dó»Í@
Event: 3.615 Thread 0x0000000019a7e000 Uncommon trap: reason=class_check action=maybe_recompile pc=0x000000000295f174 method=org.gradle.internal.service.DefaultServiceRegistry$SingletonService.getService(Lorg/gradle/internal/service/DefaultServiceRegistry$LookupContext;Lorg/gradle/internal/servIú≥◊Í@
Event: 3.615 Thread 0x0000000019a7e000 Uncommon trap: reason=class_check action=maybe_recompile pc=0x000000000295f174 method=org.gradle.internal.service.DefaultServiceRegistry$SingletonService.getService(Lorg/gradle/internal/service/DefaultServiceRegistry$LookupContext;Lorg/gradle/internal/servAÿ≈&ÂÍ@
Event: 3.615 Thread 0x0000000019a7e000 Uncommon trap: reason=class_check action=maybe_recompile pc=0x000000000295f174 method=org.gradle.internal.service.DefaultServiceRegistry$SingletonService.getService(Lorg/gradle/internal/service/DefaultServiceRegistry$LookupContext;Lorg/gradle/internal/servªs‰_3E@
Event: 3.784 Thread 0x0000000019a7e000 Uncommon trap: reason=unstable_if action=reinterpret pc=0x0000000002700f00 method=java.lang.AbstractStringBuilder.append(Ljava/lang/String;)Ljava/lang/AbstractStringBuilder; @ 1
Event: 3.785 Thread 0x0000000019a7e000 Uncommon trap: reason=unstable_if action=reinterpret pc=0x0000000002688cac method=java.lang.AbstractStringBuilder.append(Ljava/lang/String;)Ljava/lang/AbstractStringBuilder; @ 1

Internal exceptions (10 events):
Event: 3.393 Thread 0x0000000019a7e000 Exception <a 'java/lang/ClassNotFoundException': java/lang/ObjectBeanInfo> (0x00000000d5d5e950) thrown at [C:\re\workspace\8-2-build-windows-amd64-cygwin\jdk8u101\7261\hotspot\src\share\vm\classfile\systemDictionary.cpp, line 210]
Event: 3.394 Thread 0x0000000019a7e000 Exception <a 'java/lang/ClassNotFoundException': java/lang/ObjectCustomizer> (0x00000000d5d63a20) thrown at [C:\re\workspace\8-2-build-windows-amd64-cygwin\jdk8u101\7261\hotspot\src\share\vm\classfile\systemDictionary.cpp, line 210]
Event: 3.397 Thread 0x0000000019a7e000 Exception <a 'java/lang/ClassNotFoundException': groovy/lang/MetaClassImplCustomizer> (0x00000000d5d764a0) thrown at [C:\re\workspace\8-2-build-windows-amd64-cygwin\jdk8u101\7261\hotspot\src\share\vm\classfile\systemDictionary.cpp, line 210]
Event: 3.400 Thread 0x0000000019a7e000 Exception <a 'java/lang/ClassNotFoundException': groovy/lang/ExpandoMetaClassCustomizer> (0x00000000d5daa340) thrown at [C:\re\workspace\8-2-build-windows-amd64-cygwin\jdk8u101\7261\hotspot\src\share\vm\classfile\systemDictionary.cpp, line 210]
Event: 3.412 Thread 0x0000000019a7e000 Exception <a 'java/lang/ClassNotFoundException': org/gradle/api/internal/plugins/DefaultExtraPropertiesExtensionBeanInfo> (0x00000000d5e2ac40) thrown at [C:\re\workspace\8-2-build-windows-amd64-cygwin\jdk8u101\7261\hotspot\src\share\vm\classfile\systemDict6§‡H°L@
Event: 3.412 Thread 0x0000000019a7e000 Exception <a 'java/lang/ClassNotFoundException': groovy/lang/GroovyObjectSupportBeanInfo> (0x00000000d5e36a78) thrown at [C:\re\workspace\8-2-build-windows-amd64-cygwin\jdk8u101\7261\hotspot\src\share\vm\classfile\systemDictionary.cpp, line 210]
Event: 3.413 Thread 0x0000000019a7e000 Exception <a 'java/lang/ClassNotFoundException': groovy/lang/GroovyObjectSupportCustomizer> (0x00000000d5e42c38) thrown at [C:\re\workspace\8-2-build-windows-amd64-cygwin\jdk8u101\7261\hotspot\src\share\vm\classfile\systemDictionary.cpp, line 210]
Event: 3.414 Thread 0x0000000019a7e000 Exception <a 'java/lang/ClassNotFoundException': org/gradle/api/internal/plugins/DefaultExtraPropertiesExtensionCustomizer> (0x00000000d5e59130) thrown at [C:\re\workspace\8-2-build-windows-amd64-cygwin\jdk8u101\7261\hotspot\src\share\vm\classfile\systemDiÙ»'E@
Event: 3.784 Thread 0x0000000019a7e000 Implicit null exception at 0x0000000002700b96 to 0x0000000002700ee9
Event: 3.784 Thread 0x0000000019a7e000 Implicit null exception at 0x0000000002688956 to 0x0000000002688c95

Events (10 events):
Event: 3.796 loading class org/gradle/groovy/scripts/internal/FileCacheBackedScriptClassCompiler$ClassloaderHasher
Event: 3.796 loading class org/gradle/groovy/scripts/internal/FileCacheBackedScriptClassCompiler$ClassloaderHasher done
Event: 3.799 loading class org/gradle/groovy/scripts/internal/RemappingScriptSource
Event: 3.799 loading class org/gradle/groovy/scripts/internal/RemappingScriptSource done
Event: 3.799 loading class org/gradle/groovy/scripts/internal/FileCacheBackedScriptClassCompiler$ProgressReportingInitializer
Event: 3.799 loading class org/gradle/groovy/scripts/internal/FileCacheBackedScriptClassCompiler$ProgressReportingInitializer done
Event: 3.800 loading class org/gradle/groovy/scripts/internal/FileCacheBackedScriptClassCompiler$RemapBuildScriptsAction
Event: 3.800 loading class org/gradle/groovy/scripts/internal/FileCacheBackedScriptClassCompiler$RemapBuildScriptsAction done
Event: 3.800 loading class org/gradle/groovy/scripts/internal/FileCacheBackedScriptClassCompiler$BuildScriptRemapper
Event: 3.800 loading class org/gradle/groovy/scripts/internal/FileCacheBackedScriptClassCompiler$BuildScriptRemapper done


Dynamic libraries:
0x00007ff6343a0000 - 0x00007ff6343d7000 	C:\Program Files\Java\jdk1.8.0_101\bin\java.exe
0x00007ffc46770000 - 0x00007ffc46932000 	C:\WINDOWS\SYSTEM32\ntdll.dll
0x00007ffc46450000 - 0x00007ffc464fd000 	C:\WINDOWS\system32\KERNEL32.DLL
0x00007ffc43af0000 - 0x00007ffc43ccd000 	C:\WINDOWS\system32\KERNELBASE.dll
0x00007ffc43e40000 - 0x00007ffc43ee6000 	C:\WINDOWS\system32\ADVAPI32.dll
0x00007ffc44e80000 - 0x00007ffc44f1d000 	C:\WINDOWS\system32\msvcrt.dll
0x00007ffc44c70000 - 0x00007ffc44ccb000 	C:\WINDOWS\system32\sechost.dll
0x00007ffc46520000 - 0x00007ffc46646000 	C:\WINDOWS\system32\RPCRT4.dll
0x00007ffc44330000 - 0x00007ffc4447e000 	C:\WINDOWS\system32\USER32.dll
0x00007ffc44010000 - 0x00007ffc44195000 	C:\WINDOWS\system32\GDI32.dll
0x00007ffc36900000 - 0x00007ffc36b74000 	C:\WINDOWS\WinSxS\amd64_microsoft.windows.common-controls_6595b64144ccf1df_6.0.10240.16384_none_f41f7b285750ef43\COMCTL32.dll
0x00007ffc46650000 - 0x00007ffc46686000 	C:\WINDOWS\system32\IMM32.DLL
0x00007ffc44650000 - 0x00007ffc447ac000 	C:\WINDOWS\system32\MSCTF.dll
0x0000000060360000 - 0x0000000060432000 	C:\Program Files\Java\jdk1.8.0_101\jre\bin\msvcr100.dll
0x000000005fac0000 - 0x000000006035a000 	C:\Program Files\Java\jdk1.8.0_101\jre\bin\server\jvm.dll
0x00007ffc447b0000 - 0x00007ffc447b8000 	C:\WINDOWS\system32\PSAPI.DLL
0x00007ffc35f10000 - 0x00007ffc35f33000 	C:\WINDOWS\SYSTEM32\WINMM.dll
0x00007ffc389e0000 - 0x00007ffc389e9000 	C:\WINDOWS\SYSTEM32\WSOCK32.dll
0x00007ffc38180000 - 0x00007ffc3818a000 	C:\WINDOWS\SYSTEM32\VERSION.dll
0x00007ffc445e0000 - 0x00007ffc44649000 	C:\WINDOWS\system32\WS2_32.dll
0x00007ffc46760000 - 0x00007ffc46768000 	C:\WINDOWS\system32\NSI.dll
0x00007ffc35ee0000 - 0x00007ffc35f0c000 	C:\WINDOWS\SYSTEM32\WINMMBASE.dll
0x00007ffc43470000 - 0x00007ffc434b4000 	C:\WINDOWS\system32\cfgmgr32.dll
0x00007ffc41b10000 - 0x00007ffc41b37000 	C:\WINDOWS\SYSTEM32\DEVOBJ.dll
0x000000005fab0000 - 0x000000005fabf000 	C:\Program Files\Java\jdk1.8.0_101\jre\bin\verify.dll
0x000000005fa80000 - 0x000000005faa9000 	C:\Program Files\Java\jdk1.8.0_101\jre\bin\java.dll
0x000000005fa60000 - 0x000000005fa76000 	C:\Program Files\Java\jdk1.8.0_101\jre\bin\zip.dll
0x00007ffc44f20000 - 0x00007ffc46445000 	C:\WINDOWS\system32\SHELL32.dll
0x00007ffc434c0000 - 0x00007ffc43ae8000 	C:\WINDOWS\system32\windows.storage.dll
0x00007ffc44990000 - 0x00007ffc44c0c000 	C:\WINDOWS\system32\combase.dll
0x00007ffc44c10000 - 0x00007ffc44c61000 	C:\WINDOWS\system32\shlwapi.dll
0x00007ffc43210000 - 0x00007ffc4321f000 	C:\WINDOWS\system32\kernel.appcore.dll
0x00007ffc43d80000 - 0x00007ffc43e33000 	C:\WINDOWS\system32\shcore.dll
0x00007ffc431c0000 - 0x00007ffc4320a000 	C:\WINDOWS\system32\powrprof.dll
0x00007ffc43220000 - 0x00007ffc43233000 	C:\WINDOWS\system32\profapi.dll
0x000000005fa40000 - 0x000000005fa5a000 	C:\Program Files\Java\jdk1.8.0_101\jre\bin\net.dll
0x00007ffc42a10000 - 0x00007ffc42a6d000 	C:\WINDOWS\system32\mswsock.dll
0x000000005fa20000 - 0x000000005fa31000 	C:\Program Files\Java\jdk1.8.0_101\jre\bin\nio.dll
0x00007ffc3f1a0000 - 0x00007ffc3f1b2000 	C:\Users\jparedes\.gradle\native\19\windows-amd64\native-platform.dll
0x00007ffc42a70000 - 0x00007ffc42a87000 	C:\WINDOWS\SYSTEM32\CRYPTSP.dll
0x00007ffc430d0000 - 0x00007ffc430f8000 	C:\WINDOWS\SYSTEM32\bcrypt.dll
0x00007ffc42660000 - 0x00007ffc42693000 	C:\WINDOWS\system32\rsaenh.dll
0x00007ffc428a0000 - 0x00007ffc428bf000 	C:\WINDOWS\SYSTEM32\USERENV.dll
0x00007ffc42fc0000 - 0x00007ffc4302b000 	C:\WINDOWS\system32\bcryptprimitives.dll
0x00007ffc42be0000 - 0x00007ffc42beb000 	C:\WINDOWS\SYSTEM32\CRYPTBASE.dll
0x00007ffc40fc0000 - 0x00007ffc40ff8000 	C:\WINDOWS\SYSTEM32\IPHLPAPI.DLL
0x00007ffc40fb0000 - 0x00007ffc40fbb000 	C:\WINDOWS\SYSTEM32\WINNSI.DLL
0x00007ffc402b0000 - 0x00007ffc402c6000 	C:\WINDOWS\SYSTEM32\dhcpcsvc6.DLL
0x00007ffc40250000 - 0x00007ffc4026a000 	C:\WINDOWS\SYSTEM32\dhcpcsvc.DLL
0x000000005fa10000 - 0x000000005fa1d000 	C:\Program Files\Java\jdk1.8.0_101\jre\bin\management.dll

VM Arguments:
jvm_args: -Xmx2048m -Dfile.encoding=windows-1252 -Duser.country=MX -Duser.language=es -Duser.variant 
java_command: org.gradle.launcher.daemon.bootstrap.GradleDaemon 2.14.1
java_class_path (initial): C:\Users\jparedes\.gradle\wrapper\dists\gradle-2.14.1-all\53l0mv9mggp9q5m2ip574m21oh\gradle-2.14.1\lib\gradle-launcher-2.14.1.jar
Launcher Type: SUN_STANDARD

Environment Variables:
JAVA_HOME=C:\Program Files\java\jdk1.8.0_101
CLASSPATH=C:\Users\jparedes\Documents\Cordova\alfa\platforms\android\\gradle\wrapper\gradle-wrapper.jar
PATH=C:\Users\jparedes\AppData\Roaming\npm;C:\Program Files\nodejs\;C:\ProgramData\Oracle\Java\javapath;C:\WINDOWS\system32;C:\WINDOWS;C:\WINDOWS\System32\Wbem;C:\WINDOWS\System32\WindowsPowerShell\v1.0\;C:\Users\lberjez\.dnx\bin;C:\Program Files\Microsoft DNX\Dnvm\;C:\Program Files\Microsoft SQL Server\130\Tools\Binn\;C:\Program Files\TortoiseSVN\bin;C:\Program Files (x86)\Android\android-sdk\tools;C:\Program Files (x86)\Android\android-sdk\platform-tools;C:\Program Files (x86)\Microsoft Visual Studio\Common\Tools\WinNT;C:\Program Files (x86)\Microsoft Visual Studio\Common\MSDev98\Bin;C:\Program Files (x86)\Microsoft Visual Studio\Common\Tools;C:\Program Files (x86)\Microsoft Visual Studio\VC98\bin;C:\Users\lberjez\AppData\Roaming\npm;C:\Program Files (x86)\Android\android-sdk;C:\Program Files (x86)\Android\android-sdk;C:\adb;C:\Program Files (x86)\Skype\Phone\;C:\Program Files\Git\cmd;C:\Program Files (x86)\Calibre2\;C:\Program Files\Microsoft SQL Server\Client SDK\ODBC\130\Tools\Binn\;C:\Program Files (x86)\Microsoft SQL Server\130\Tools\Binn\;C:\Program Files\Microsoft SQL Server\130\DTS\Binn\;C:\Program Files (x86)\Microsoft SQL Server\Client SDK\ODBC\130\Tools\Binn\;C:\Program Files (x86)\Microsoft SQL Server\130\DTS\Binn\;C:\Program Files (x86)\Microsoft SQL Server\130\Tools\Binn\ManagementStudio\;C:\Users\jparedes\.dnx\bin;C:\Program Files\Microsoft DNX\Dnvm\;C:\Program Files (x86)\Windows Kits\8.1\Windows Performance Toolkit\;C:\Program Files (x86)\Microsoft Emulator Manager\1.0\;C:\Program Files\VisualSVN Server\bin;C:\Program Files (x86)\Bitvise SSH Client;C:\Program Files\nodejs\;C:\Program Files (x86)\Microsoft VS Code\bin;C:\Users\jparedes\AppData\Local\GitHubDesktop\bin;C:\Users\jparedes\AppData\Roaming\npm;C:\Program Files\java\jdk1.8.0_101\bin
USERNAME=jparedes
OS=Windows_NT
PROCESSOR_IDENTIFIER=Intel64 Family 6 Model 58 Stepping 9, GenuineIntel



---------------  S Y S T E M  ---------------

OS: Windows 10.0 , 64 bit Build 10240 (10.0.10240.16384)

CPU:total 4 (2 cores per cpu, 2 threads per core) family 6 model 58 stepping 9, cmov, cx8, fxsr, mmx, sse, sse2, sse3, ssse3, sse4.1, sse4.2, popcnt, avx, aes, clmul, erms, ht, tsc, tscinvbit, tscinv

Memory: 4k page, physical 6085992k(770444k free), swap 24960360k(6728k free)

vm_info: Java HotSpot(TM) 64-Bit Server VM (25.101-b13) for windows-amd64 JRE (1.8.0_101-b13), built on Jun 22 2016 01:21:29 by "java_re" with MS VC++ 10.0 (VS2010)

time: Thu Apr 05 15:29:58 2018
elapsed time: 3 seconds (0d 0h 0m 3s)

