#
# There is insufficient memory for the Java Runtime Environment to continue.
# Native memory allocation (malloc) failed to allocate 1048576 bytes for AllocateHeap
# Possible reasons:
#   The system is out of physical RAM or swap space
#   In 32 bit mode, the process size limit was hit
# Possible solutions:
#   Reduce memory load on the system
#   Increase physical memory or swap space
#   Check if swap backing store is full
#   Use 64 bit Java on a 64 bit OS
#   Decrease Java heap size (-Xmx/-Xms)
#   Decrease number of Java threads
#   Decrease Java thread stack sizes (-Xss)
#   Set larger code cache with -XX:ReservedCodeCacheSize=
# This output file may be truncated or incomplete.
#
#  Out of Memory Error (memory/allocation.inline.hpp:61), pid=7260, tid=0x0000000000002ec4
#
# JRE version:  (8.0_101-b13) (build )
# Java VM: Java HotSpot(TM) 64-Bit Server VM (25.101-b13 mixed mode windows-amd64 compressed oops)
# Failed to write core dump. Minidumps are not enabled by default on client versions of Windows
#

---------------  T H R E A D  ---------------

Current thread (0x0000000002542800):  JavaThread "Unknown thread" [_thread_in_vm, id=11972, stack(0x0000000002360000,0x0000000002460000)]

Stack: [0x0000000002360000,0x0000000002460000]
[error occurred during error reporting (printing stack bounds), id 0xc0000005]

Native frames: (J=compiled Java code, j=interpreted, Vv=VM code, C=native code)


---------------  P R O C E S S  ---------------

Java Threads: ( => current thread )

Other Threads:

=>0x0000000002542800 (exited) JavaThread "Unknown thread" [_thread_in_vm, id=11972, stack(0x0000000002360000,0x0000000002460000)]

VM state:not at safepoint (normal execution)

VM Mutex/Monitor currently owned by a thread: None

Heap:
 PSYoungGen      total 28160K, used 491K [0x00000000e1100000, 0x00000000e3000000, 0x0000000100000000)
  eden space 24576K, 2% used [0x00000000e1100000,0x00000000e117ae20,0x00000000e2900000)
  from space 3584K, 0% used [0x00000000e2c80000,0x00000000e2c80000,0x00000000e3000000)
  to   space 3584K, 0% used [0x00000000e2900000,0x00000000e2900000,0x00000000e2c80000)
 ParOldGen       total 64512K, used 0K [0x00000000a3200000, 0x00000000a7100000, 0x00000000e1100000)
  object space 64512K, 0% used [0x00000000a3200000,0x00000000a3200000,0x00000000a7100000)
 Metaspace       used 769K, capacity 4480K, committed 4480K, reserved 1056768K
  class space    used 75K, capacity 384K, committed 384K, reserved 1048576K

Card table byte_map: [0x0000000011a00000,0x0000000011cf0000] byte_map_base: 0x00000000114e7000

Marking Bits: (ParMarkBitMap*) 0x0000000057dca6d0
 Begin Bits: [0x00000000122e0000, 0x0000000013a18000)
 End Bits:   [0x0000000013a18000, 0x0000000015150000)

Polling page: 0x0000000000b60000

CodeCache: size=245760Kb used=328Kb max_used=328Kb free=245431Kb
 bounds [0x0000000002640000, 0x00000000028b0000, 0x0000000011640000]
 total_blobs=58 nmethods=0 adapters=38
 compilation: enabled

Compilation events (0 events):
No events

GC Heap History (0 events):
No events

Deoptimization events (0 events):
No events

Internal exceptions (0 events):
No events

Events (10 events):
Event: 1.683 loading class java/lang/Short
Event: 1.683 loading class java/lang/Short done
Event: 1.683 loading class java/lang/Integer
Event: 1.683 loading class java/lang/Integer done
Event: 1.683 loading class java/lang/Long
Event: 1.683 loading class java/lang/Long done
Event: 1.686 loading class java/lang/NullPointerException
Event: 1.686 loading class java/lang/NullPointerException done
Event: 1.686 loading class java/lang/ArithmeticException
Event: 1.687 loading class java/lang/ArithmeticException done


Dynamic libraries:
0x00007ff7ac8d0000 - 0x00007ff7ac907000 	C:\Program Files\java\jdk1.8.0_101\bin\java.exe
0x00007ffcf7f30000 - 0x00007ffcf80f2000 	C:\WINDOWS\SYSTEM32\ntdll.dll
0x00007ffcf7c20000 - 0x00007ffcf7ccd000 	C:\WINDOWS\system32\KERNEL32.DLL
0x00007ffcf4da0000 - 0x00007ffcf4f7d000 	C:\WINDOWS\system32\KERNELBASE.dll
0x00007ffcf6b90000 - 0x00007ffcf6c36000 	C:\WINDOWS\system32\ADVAPI32.dll
0x00007ffcf6c60000 - 0x00007ffcf6cfd000 	C:\WINDOWS\system32\msvcrt.dll
0x00007ffcf7ce0000 - 0x00007ffcf7d3b000 	C:\WINDOWS\system32\sechost.dll
0x00007ffcf6d00000 - 0x00007ffcf6e26000 	C:\WINDOWS\system32\RPCRT4.dll
0x00007ffcf7110000 - 0x00007ffcf725e000 	C:\WINDOWS\system32\USER32.dll
0x00007ffcf74e0000 - 0x00007ffcf7665000 	C:\WINDOWS\system32\GDI32.dll
0x00007ffce6830000 - 0x00007ffce6aa4000 	C:\WINDOWS\WinSxS\amd64_microsoft.windows.common-controls_6595b64144ccf1df_6.0.10240.16384_none_f41f7b285750ef43\COMCTL32.dll
0x00007ffcf6e90000 - 0x00007ffcf6ec6000 	C:\WINDOWS\system32\IMM32.DLL
0x00007ffcf6fb0000 - 0x00007ffcf710c000 	C:\WINDOWS\system32\MSCTF.dll
0x0000000058060000 - 0x0000000058132000 	C:\Program Files\java\jdk1.8.0_101\jre\bin\msvcr100.dll
0x00000000575b0000 - 0x0000000057e4a000 	C:\Program Files\java\jdk1.8.0_101\jre\bin\server\jvm.dll
0x00007ffcf7c10000 - 0x00007ffcf7c18000 	C:\WINDOWS\system32\PSAPI.DLL
0x00007ffcf2e70000 - 0x00007ffcf2e7a000 	C:\WINDOWS\SYSTEM32\VERSION.dll
0x00007ffce7a30000 - 0x00007ffce7a53000 	C:\WINDOWS\SYSTEM32\WINMM.dll
0x00007ffcec670000 - 0x00007ffcec679000 	C:\WINDOWS\SYSTEM32\WSOCK32.dll
0x00007ffcf7a50000 - 0x00007ffcf7ab9000 	C:\WINDOWS\system32\WS2_32.dll
0x00007ffcf7cd0000 - 0x00007ffcf7cd8000 	C:\WINDOWS\system32\NSI.dll
0x00007ffce7a00000 - 0x00007ffce7a2c000 	C:\WINDOWS\SYSTEM32\WINMMBASE.dll
0x00007ffcf55b0000 - 0x00007ffcf55f4000 	C:\WINDOWS\system32\cfgmgr32.dll
0x00007ffcf3230000 - 0x00007ffcf3257000 	C:\WINDOWS\SYSTEM32\DEVOBJ.dll
0x0000000058050000 - 0x000000005805f000 	C:\Program Files\java\jdk1.8.0_101\jre\bin\verify.dll
0x0000000058020000 - 0x0000000058049000 	C:\Program Files\java\jdk1.8.0_101\jre\bin\java.dll
0x0000000058000000 - 0x0000000058016000 	C:\Program Files\java\jdk1.8.0_101\jre\bin\zip.dll

VM Arguments:
jvm_args: -Dorg.gradle.appname=gradlew 
java_command: org.gradle.wrapper.GradleWrapperMain cdvBuildDebug -b C:\Users\jparedes\Documents\Cordova\alfa\platforms\android\build.gradle -Dorg.gradle.daemon=true -Dorg.gradle.jvmargs=-Xmx2048m -Pandroid.useDeprecatedNdk=true
java_class_path (initial): C:\Users\jparedes\Documents\Cordova\alfa\platforms\android\\gradle\wrapper\gradle-wrapper.jar
Launcher Type: SUN_STANDARD

Environment Variables:
JAVA_HOME=C:\Program Files\java\jdk1.8.0_101
CLASSPATH=C:\Users\jparedes\Documents\Cordova\alfa\platforms\android\\gradle\wrapper\gradle-wrapper.jar
PATH=C:\Users\jparedes\AppData\Roaming\npm;C:\Program Files\nodejs\;C:\ProgramData\Oracle\Java\javapath;C:\WINDOWS\system32;C:\WINDOWS;C:\WINDOWS\System32\Wbem;C:\WINDOWS\System32\WindowsPowerShell\v1.0\;C:\Users\lberjez\.dnx\bin;C:\Program Files\Microsoft DNX\Dnvm\;C:\Program Files\Microsoft SQL Server\130\Tools\Binn\;C:\Program Files\TortoiseSVN\bin;C:\Program Files (x86)\Android\android-sdk\tools;C:\Program Files (x86)\Android\android-sdk\platform-tools;C:\Program Files (x86)\Microsoft Visual Studio\Common\Tools\WinNT;C:\Program Files (x86)\Microsoft Visual Studio\Common\MSDev98\Bin;C:\Program Files (x86)\Microsoft Visual Studio\Common\Tools;C:\Program Files (x86)\Microsoft Visual Studio\VC98\bin;C:\Users\lberjez\AppData\Roaming\npm;C:\Program Files (x86)\Android\android-sdk;C:\Program Files (x86)\Android\android-sdk;C:\adb;C:\Program Files (x86)\Skype\Phone\;C:\Program Files\Git\cmd;C:\Program Files (x86)\Calibre2\;C:\Program Files\Microsoft SQL Server\Client SDK\ODBC\130\Tools\Binn\;C:\Program Files (x86)\Microsoft SQL Server\130\Tools\Binn\;C:\Program Files\Microsoft SQL Server\130\DTS\Binn\;C:\Program Files (x86)\Microsoft SQL Server\Client SDK\ODBC\130\Tools\Binn\;C:\Program Files (x86)\Microsoft SQL Server\130\DTS\Binn\;C:\Program Files (x86)\Microsoft SQL Server\130\Tools\Binn\ManagementStudio\;C:\Users\jparedes\.dnx\bin;C:\Program Files\Microsoft DNX\Dnvm\;C:\Program Files (x86)\Windows Kits\8.1\Windows Performance Toolkit\;C:\Program Files (x86)\Microsoft Emulator Manager\1.0\;C:\Program Files\VisualSVN Server\bin;C:\Program Files (x86)\Bitvise SSH Client;C:\Program Files\nodejs\;C:\Program Files (x86)\Microsoft VS Code\bin;C:\Users\jparedes\AppData\Local\GitHubDesktop\bin;C:\Users\jparedes\AppData\Roaming\npm;C:\Program Files\java\jdk1.8.0_101\bin
USERNAME=jparedes
OS=Windows_NT
PROCESSOR_IDENTIFIER=Intel64 Family 6 Model 58 Stepping 9, GenuineIntel



---------------  S Y S T E M  ---------------

OS: Windows 10.0 , 64 bit Build 10240 (10.0.10240.16384)

CPU:total 4 (2 cores per cpu, 2 threads per core) family 6 model 58 stepping 9, cmov, cx8, fxsr, mmx, sse, sse2, sse3, ssse3, sse4.1, sse4.2, popcnt, avx, aes, clmul, erms, ht, tsc, tscinvbit, tscinv

Memory: 4k page, physical 6085992k(801828k free), swap 24960360k(6552k free)

vm_info: Java HotSpot(TM) 64-Bit Server VM (25.101-b13) for windows-amd64 JRE (1.8.0_101-b13), built on Jun 22 2016 01:21:29 by "java_re" with MS VC++ 10.0 (VS2010)

time: Wed Apr 04 17:33:08 2018
elapsed time: 2 seconds (0d 0h 0m 2s)

