#
# There is insufficient memory for the Java Runtime Environment to continue.
# Native memory allocation (malloc) failed to allocate 2161936 bytes for Chunk::new
# Possible reasons:
#   The system is out of physical RAM or swap space
#   In 32 bit mode, the process size limit was hit
# Possible solutions:
#   Reduce memory load on the system
#   Increase physical memory or swap space
#   Check if swap backing store is full
#   Use 64 bit Java on a 64 bit OS
#   Decrease Java heap size (-Xmx/-Xms)
#   Decrease number of Java threads
#   Decrease Java thread stack sizes (-Xss)
#   Set larger code cache with -XX:ReservedCodeCacheSize=
# This output file may be truncated or incomplete.
#
#  Out of Memory Error (allocation.cpp:390), pid=8636, tid=0x00000000000022b0
#
# JRE version: Java(TM) SE Runtime Environment (8.0_101-b13) (build 1.8.0_101-b13)
# Java VM: Java HotSpot(TM) 64-Bit Server VM (25.101-b13 mixed mode windows-amd64 compressed oops)
# Failed to write core dump. Minidumps are not enabled by default on client versions of Windows
#

---------------  T H R E A D  ---------------

Current thread (0x0000000017488800):  JavaThread "C2 CompilerThread1" daemon [_thread_in_native, id=8880, stack(0x0000000018bf0000,0x0000000018cf0000)]

Stack: [0x0000000018bf0000,0x0000000018cf0000]
[error occurred during error reporting (printing stack bounds), id 0xc0000005]

Native frames: (J=compiled Java code, j=interpreted, Vv=VM code, C=native code)


Current CompileTask:
C2:   3501 1559       4       java.net.URLClassLoader$1::run (5 bytes)


---------------  P R O C E S S  ---------------

Java Threads: ( => current thread )
  0x000000001a2a6800 JavaThread "Stdin handler" [_thread_blocked, id=11104, stack(0x000000001bb90000,0x000000001bc90000)]
  0x000000001a2a4800 JavaThread "Asynchronous log dispatcher for org.gradle.launcher.daemon.server.DefaultDaemonConnection@7334e258" [_thread_blocked, id=2144, stack(0x000000001ba90000,0x000000001bb90000)]
  0x000000001a2cc000 JavaThread "Daemon worker" [_thread_in_native, id=5152, stack(0x000000001b790000,0x000000001b890000)]
  0x000000001a2c2800 JavaThread "Cancel handler" [_thread_blocked, id=5124, stack(0x000000001b690000,0x000000001b790000)]
  0x000000001a200000 JavaThread "Handler for socket connection from /127.0.0.1:65164 to /127.0.0.1:65165" [_thread_in_native, id=6092, stack(0x000000001b590000,0x000000001b690000)]
  0x000000001a1fb800 JavaThread "Daemon" [_thread_blocked, id=11108, stack(0x000000001b490000,0x000000001b590000)]
  0x000000001a074800 JavaThread "Incoming local TCP Connector on port 65164" [_thread_in_native, id=3640, stack(0x000000001b090000,0x000000001b190000)]
  0x000000001a0fb000 JavaThread "pool-1-thread-1" [_thread_blocked, id=508, stack(0x0000000019bf0000,0x0000000019cf0000)]
  0x0000000018e1a800 JavaThread "Service Thread" daemon [_thread_blocked, id=3200, stack(0x00000000191f0000,0x00000000192f0000)]
  0x000000001748a000 JavaThread "C1 CompilerThread2" daemon [_thread_blocked, id=9568, stack(0x0000000018cf0000,0x0000000018df0000)]
=>0x0000000017488800 JavaThread "C2 CompilerThread1" daemon [_thread_in_native, id=8880, stack(0x0000000018bf0000,0x0000000018cf0000)]
  0x0000000017484800 JavaThread "C2 CompilerThread0" daemon [_thread_in_native, id=5148, stack(0x0000000018af0000,0x0000000018bf0000)]
  0x0000000017482800 JavaThread "Attach Listener" daemon [_thread_blocked, id=2888, stack(0x00000000189f0000,0x0000000018af0000)]
  0x0000000017481000 JavaThread "Signal Dispatcher" daemon [_thread_blocked, id=6532, stack(0x00000000188f0000,0x00000000189f0000)]
  0x000000001746a800 JavaThread "Finalizer" daemon [_thread_blocked, id=9708, stack(0x00000000186f0000,0x00000000187f0000)]
  0x0000000002853000 JavaThread "Reference Handler" daemon [_thread_blocked, id=4200, stack(0x00000000185f0000,0x00000000186f0000)]
  0x0000000002762800 JavaThread "main" [_thread_blocked, id=6560, stack(0x0000000002660000,0x0000000002760000)]

Other Threads:
  0x0000000017448000 VMThread [stack: 0x00000000184f0000,0x00000000185f0000] [id=7152]
  0x00000000174cf000 WatcherThread [stack: 0x00000000192f0000,0x00000000193f0000] [id=1668]

VM state:not at safepoint (normal execution)

VM Mutex/Monitor currently owned by a thread: None

Heap:
 PSYoungGen      total 28160K, used 10662K [0x00000000d5580000, 0x00000000d8c80000, 0x0000000100000000)
  eden space 24576K, 28% used [0x00000000d5580000,0x00000000d5c71908,0x00000000d6d80000)
  from space 3584K, 99% used [0x00000000d7100000,0x00000000d7478020,0x00000000d7480000)
  to   space 3584K, 0% used [0x00000000d6d80000,0x00000000d6d80000,0x00000000d7100000)
 ParOldGen       total 64512K, used 7782K [0x0000000080000000, 0x0000000083f00000, 0x00000000d5580000)
  object space 64512K, 12% used [0x0000000080000000,0x0000000080799948,0x0000000083f00000)
 Metaspace       used 18786K, capacity 19086K, committed 19328K, reserved 1067008K
  class space    used 2552K, capacity 2652K, committed 2688K, reserved 1048576K

Card table byte_map: [0x0000000011c20000,0x0000000012030000] byte_map_base: 0x0000000011820000

Marking Bits: (ParMarkBitMap*) 0x00000000602da6d0
 Begin Bits: [0x00000000126e0000, 0x00000000146e0000)
 End Bits:   [0x00000000146e0000, 0x00000000166e0000)

Polling page: 0x0000000000d70000

CodeCache: size=245760Kb used=5641Kb max_used=5641Kb free=240118Kb
 bounds [0x0000000002860000, 0x0000000002df0000, 0x0000000011860000]
 total_blobs=2073 nmethods=1690 adapters=295
 compilation: enabled

Compilation events (10 events):
Event: 3.484 Thread 0x000000001748a000 1692       3       groovy.lang.MetaProperty::<init> (15 bytes)
Event: 3.484 Thread 0x000000001748a000 nmethod 1692 0x0000000002ddfb50 code [0x0000000002ddfca0, 0x0000000002ddfe70]
Event: 3.484 Thread 0x000000001748a000 1693       3       groovy.lang.MetaClassImpl::filterPropertyMethod (318 bytes)
Event: 3.486 Thread 0x000000001748a000 nmethod 1693 0x0000000002ddff10 code [0x0000000002de0200, 0x0000000002de1d48]
Event: 3.486 Thread 0x000000001748a000 1694       3       org.codehaus.groovy.util.SingleKeyHashMap::get (67 bytes)
Event: 3.487 Thread 0x000000001748a000 nmethod 1694 0x0000000002de2610 code [0x0000000002de27c0, 0x0000000002de2e98]
Event: 3.487 Thread 0x000000001748a000 1695   !   3       groovy.lang.MetaClassImpl::getPropName (81 bytes)
Event: 3.488 Thread 0x000000001748a000 nmethod 1695 0x0000000002de3150 code [0x0000000002de3380, 0x0000000002de4118]
Event: 3.488 Thread 0x000000001748a000 1696       1       org.codehaus.groovy.reflection.GeneratedMetaMethod::getReturnType (5 bytes)
Event: 3.488 Thread 0x000000001748a000 nmethod 1696 0x0000000002de4690 code [0x0000000002de47e0, 0x0000000002de48f0]

GC Heap History (8 events):
Event: 0.603 GC heap before
{Heap before GC invocations=1 (full 0):
 PSYoungGen      total 28160K, used 24576K [0x00000000d5580000, 0x00000000d7480000, 0x0000000100000000)
  eden space 24576K, 100% used [0x00000000d5580000,0x00000000d6d80000,0x00000000d6d80000)
  from space 3584K, 0% used [0x00000000d7100000,0x00000000d7100000,0x00000000d7480000)
  to   space 3584K, 0% used [0x00000000d6d80000,0x00000000d6d80000,0x00000000d7100000)
 ParOldGen       total 64512K, used 0K [0x0000000080000000, 0x0000000083f00000, 0x00000000d5580000)
  object space 64512K, 0% used [0x0000000080000000,0x0000000080000000,0x0000000083f00000)
 Metaspace       used 6048K, capacity 6308K, committed 6528K, reserved 1056768K
  class space    used 778K, capacity 828K, committed 896K, reserved 1048576K
Event: 0.607 GC heap after
Heap after GC invocations=1 (full 0):
 PSYoungGen      total 28160K, used 3361K [0x00000000d5580000, 0x00000000d7480000, 0x0000000100000000)
  eden space 24576K, 0% used [0x00000000d5580000,0x00000000d5580000,0x00000000d6d80000)
  from space 3584K, 93% used [0x00000000d6d80000,0x00000000d70c8458,0x00000000d7100000)
  to   space 3584K, 0% used [0x00000000d7100000,0x00000000d7100000,0x00000000d7480000)
 ParOldGen       total 64512K, used 8K [0x0000000080000000, 0x0000000083f00000, 0x00000000d5580000)
  object space 64512K, 0% used [0x0000000080000000,0x0000000080002000,0x0000000083f00000)
 Metaspace       used 6048K, capacity 6308K, committed 6528K, reserved 1056768K
  class space    used 778K, capacity 828K, committed 896K, reserved 1048576K
}
Event: 2.256 GC heap before
{Heap before GC invocations=2 (full 0):
 PSYoungGen      total 28160K, used 27937K [0x00000000d5580000, 0x00000000d7480000, 0x0000000100000000)
  eden space 24576K, 100% used [0x00000000d5580000,0x00000000d6d80000,0x00000000d6d80000)
  from space 3584K, 93% used [0x00000000d6d80000,0x00000000d70c8458,0x00000000d7100000)
  to   space 3584K, 0% used [0x00000000d7100000,0x00000000d7100000,0x00000000d7480000)
 ParOldGen       total 64512K, used 8K [0x0000000080000000, 0x0000000083f00000, 0x00000000d5580000)
  object space 64512K, 0% used [0x0000000080000000,0x0000000080002000,0x0000000083f00000)
 Metaspace       used 10008K, capacity 10266K, committed 10368K, reserved 1058816K
  class space    used 1287K, capacity 1363K, committed 1408K, reserved 1048576K
Event: 2.261 GC heap after
Heap after GC invocations=2 (full 0):
 PSYoungGen      total 28160K, used 3580K [0x00000000d5580000, 0x00000000d7480000, 0x0000000100000000)
  eden space 24576K, 0% used [0x00000000d5580000,0x00000000d5580000,0x00000000d6d80000)
  from space 3584K, 99% used [0x00000000d7100000,0x00000000d747f068,0x00000000d7480000)
  to   space 3584K, 0% used [0x00000000d6d80000,0x00000000d6d80000,0x00000000d7100000)
 ParOldGen       total 64512K, used 582K [0x0000000080000000, 0x0000000083f00000, 0x00000000d5580000)
  object space 64512K, 0% used [0x0000000080000000,0x0000000080091818,0x0000000083f00000)
 Metaspace       used 10008K, capacity 10266K, committed 10368K, reserved 1058816K
  class space    used 1287K, capacity 1363K, committed 1408K, reserved 1048576K
}
Event: 2.756 GC heap before
{Heap before GC invocations=3 (full 0):
 PSYoungGen      total 28160K, used 28156K [0x00000000d5580000, 0x00000000d7480000, 0x0000000100000000)
  eden space 24576K, 100% used [0x00000000d5580000,0x00000000d6d80000,0x00000000d6d80000)
  from space 3584K, 99% used [0x00000000d7100000,0x00000000d747f068,0x00000000d7480000)
  to   space 3584K, 0% used [0x00000000d6d80000,0x00000000d6d80000,0x00000000d7100000)
 ParOldGen       total 64512K, used 582K [0x0000000080000000, 0x0000000083f00000, 0x00000000d5580000)
  object space 64512K, 0% used [0x0000000080000000,0x0000000080091818,0x0000000083f00000)
 Metaspace       used 13611K, capacity 13960K, committed 14080K, reserved 1060864K
  class space    used 1848K, capacity 1946K, committed 2048K, reserved 1048576K
Event: 2.763 GC heap after
Heap after GC invocations=3 (full 0):
 PSYoungGen      total 28160K, used 3584K [0x00000000d5580000, 0x00000000d7480000, 0x0000000100000000)
  eden space 24576K, 0% used [0x00000000d5580000,0x00000000d5580000,0x00000000d6d80000)
  from space 3584K, 100% used [0x00000000d6d80000,0x00000000d7100000,0x00000000d7100000)
  to   space 3584K, 0% used [0x00000000d7100000,0x00000000d7100000,0x00000000d7480000)
 ParOldGen       total 64512K, used 3102K [0x0000000080000000, 0x0000000083f00000, 0x00000000d5580000)
  object space 64512K, 4% used [0x0000000080000000,0x00000000803079b8,0x0000000083f00000)
 Metaspace       used 13611K, capacity 13960K, committed 14080K, reserved 1060864K
  class space    used 1848K, capacity 1946K, committed 2048K, reserved 1048576K
}
Event: 3.359 GC heap before
{Heap before GC invocations=4 (full 0):
 PSYoungGen      total 28160K, used 28160K [0x00000000d5580000, 0x00000000d7480000, 0x0000000100000000)
  eden space 24576K, 100% used [0x00000000d5580000,0x00000000d6d80000,0x00000000d6d80000)
  from space 3584K, 100% used [0x00000000d6d80000,0x00000000d7100000,0x00000000d7100000)
  to   space 3584K, 0% used [0x00000000d7100000,0x00000000d7100000,0x00000000d7480000)
 ParOldGen       total 64512K, used 3102K [0x0000000080000000, 0x0000000083f00000, 0x00000000d5580000)
  object space 64512K, 4% used [0x0000000080000000,0x00000000803079b8,0x0000000083f00000)
 Metaspace       used 18460K, capacity 18856K, committed 19072K, reserved 1064960K
  class space    used 2506K, capacity 2618K, committed 2688K, reserved 1048576K
Event: 3.373 GC heap after
Heap after GC invocations=4 (full 0):
 PSYoungGen      total 28160K, used 3552K [0x00000000d5580000, 0x00000000d8c80000, 0x0000000100000000)
  eden space 24576K, 0% used [0x00000000d5580000,0x00000000d5580000,0x00000000d6d80000)
  from space 3584K, 99% used [0x00000000d7100000,0x00000000d7478020,0x00000000d7480000)
  to   space 3584K, 0% used [0x00000000d6d80000,0x00000000d6d80000,0x00000000d7100000)
 ParOldGen       total 64512K, used 7782K [0x0000000080000000, 0x0000000083f00000, 0x00000000d5580000)
  object space 64512K, 12% used [0x0000000080000000,0x0000000080799948,0x0000000083f00000)
 Metaspace       used 18460K, capacity 18856K, committed 19072K, reserved 1064960K
  class space    used 2506K, capacity 2618K, committed 2688K, reserved 1048576K
}

Deoptimization events (10 events):
Event: 3.248 Thread 0x000000001a2cc000 Uncommon trap: reason=unstable_if action=reinterpret pc=0x0000000002b02440 method=java.lang.AbstractStringBuilder.append(Ljava/lang/String;)Ljava/lang/AbstractStringBuilder; @ 1
Event: 3.248 Thread 0x000000001a2cc000 Uncommon trap: reason=unstable_if action=reinterpret pc=0x0000000002a8a7ec method=java.lang.AbstractStringBuilder.append(Ljava/lang/String;)Ljava/lang/AbstractStringBuilder; @ 1
Event: 3.393 Thread 0x000000001a2cc000 Uncommon trap: reason=bimorphic action=maybe_recompile pc=0x0000000002cf1f48 method=java.lang.ClassLoader.loadClass(Ljava/lang/String;Z)Ljava/lang/Class; @ 38
Event: 3.394 Thread 0x000000001a2cc000 Uncommon trap: reason=bimorphic action=maybe_recompile pc=0x0000000002cf1f48 method=java.lang.ClassLoader.loadClass(Ljava/lang/String;Z)Ljava/lang/Class; @ 38
Event: 3.395 Thread 0x000000001a2cc000 Uncommon trap: reason=class_check action=maybe_recompile pc=0x0000000002a21318 method=sun.misc.URLClassPath.getLoader(I)Lsun/misc/URLClassPath$Loader; @ 94
Event: 3.395 Thread 0x000000001a2cc000 Uncommon trap: reason=class_check action=maybe_recompile pc=0x0000000002b1292c method=sun.misc.URLClassPath.getResource(Ljava/lang/String;Z)Lsun/misc/Resource; @ 62
Event: 3.397 Thread 0x000000001a2cc000 Uncommon trap: reason=bimorphic action=maybe_recompile pc=0x0000000002cf1f48 method=java.lang.ClassLoader.loadClass(Ljava/lang/String;Z)Ljava/lang/Class; @ 38
Event: 3.397 Thread 0x000000001a2cc000 Uncommon trap: reason=bimorphic action=maybe_recompile pc=0x0000000002cf1f48 method=java.lang.ClassLoader.loadClass(Ljava/lang/String;Z)Ljava/lang/Class; @ 38
Event: 3.438 Thread 0x000000001a2cc000 Uncommon trap: reason=class_check action=maybe_recompile pc=0x0000000002a214ac method=sun.misc.URLClassPath.getLoader(I)Lsun/misc/URLClassPath$Loader; @ 193
Event: 3.481 Thread 0x000000001a2cc000 Uncommon trap: reason=class_check action=maybe_recompile pc=0x0000000002a214ac method=sun.misc.URLClassPath.getLoader(I)Lsun/misc/URLClassPath$Loader; @ 193

Internal exceptions (10 events):
Event: 3.440 Thread 0x000000001a2cc000 Exception <a 'java/lang/ClassNotFoundException': org/gradle/groovy/scripts/DefaultScriptBeanInfo> (0x00000000d57ea310) thrown at [C:\re\workspace\8-2-build-windows-amd64-cygwin\jdk8u101\7261\hotspot\src\share\vm\classfile\systemDictionary.cpp, line 210]
Event: 3.440 Thread 0x000000001a2cc000 Exception <a 'java/lang/ClassNotFoundException': org/gradle/groovy/scripts/BasicScriptBeanInfo> (0x00000000d57f8080) thrown at [C:\re\workspace\8-2-build-windows-amd64-cygwin\jdk8u101\7261\hotspot\src\share\vm\classfile\systemDictionary.cpp, line 210]
Event: 3.440 Thread 0x000000001a2cc000 Exception <a 'java/lang/ClassNotFoundException': org/gradle/groovy/scripts/ScriptBeanInfo> (0x00000000d5804ff0) thrown at [C:\re\workspace\8-2-build-windows-amd64-cygwin\jdk8u101\7261\hotspot\src\share\vm\classfile\systemDictionary.cpp, line 210]
Event: 3.441 Thread 0x000000001a2cc000 Exception <a 'java/lang/ClassNotFoundException': groovy/lang/ScriptBeanInfo> (0x00000000d580f480) thrown at [C:\re\workspace\8-2-build-windows-amd64-cygwin\jdk8u101\7261\hotspot\src\share\vm\classfile\systemDictionary.cpp, line 210]
Event: 3.441 Thread 0x000000001a2cc000 Exception <a 'java/lang/ClassNotFoundException': groovy/lang/ScriptCustomizer> (0x00000000d581a2d0) thrown at [C:\re\workspace\8-2-build-windows-amd64-cygwin\jdk8u101\7261\hotspot\src\share\vm\classfile\systemDictionary.cpp, line 210]
Event: 3.445 Thread 0x000000001a2cc000 Exception <a 'java/lang/ClassNotFoundException': org/gradle/groovy/scripts/ScriptCustomizer> (0x00000000d5830eb8) thrown at [C:\re\workspace\8-2-build-windows-amd64-cygwin\jdk8u101\7261\hotspot\src\share\vm\classfile\systemDictionary.cpp, line 210]
Event: 3.449 Thread 0x000000001a2cc000 Exception <a 'java/lang/ClassNotFoundException': org/gradle/groovy/scripts/BasicScriptCustomizer> (0x00000000d58488d8) thrown at [C:\re\workspace\8-2-build-windows-amd64-cygwin\jdk8u101\7261\hotspot\src\share\vm\classfile\systemDictionary.cpp, line 210]
Event: 3.455 Thread 0x000000001a2cc000 Exception <a 'java/lang/ClassNotFoundException': org/gradle/groovy/scripts/DefaultScriptCustomizer> (0x00000000d5873d20) thrown at [C:\re\workspace\8-2-build-windows-amd64-cygwin\jdk8u101\7261\hotspot\src\share\vm\classfile\systemDictionary.cpp, line 210]
Event: 3.468 Thread 0x000000001a2cc000 Exception <a 'java/lang/ClassNotFoundException': org/gradle/initialization/SettingsScriptCustomizer> (0x00000000d58b98b8) thrown at [C:\re\workspace\8-2-build-windows-amd64-cygwin\jdk8u101\7261\hotspot\src\share\vm\classfile\systemDictionary.cpp, line 210]
Event: 3.481 Thread 0x000000001a2cc000 Exception <a 'java/lang/ClassNotFoundException': settings_2yuc9u72m0oiy41aos35tfbw8Customizer> (0x00000000d58de4b0) thrown at [C:\re\workspace\8-2-build-windows-amd64-cygwin\jdk8u101\7261\hotspot\src\share\vm\classfile\systemDictionary.cpp, line 210]

Events (10 events):
Event: 3.495 loading class org/gradle/api/internal/file/copy/FileCopier
Event: 3.495 loading class org/gradle/api/internal/file/copy/FileCopier done
Event: 3.495 loading class org/gradle/api/internal/file/copy/CopySpecInternal
Event: 3.495 loading class org/gradle/api/internal/file/copy/CopySpecInternal done
Event: 3.496 loading class org/gradle/api/internal/file/copy/CopyAction
Event: 3.496 loading class org/gradle/api/internal/file/copy/CopyAction done
Event: 3.496 loading class org/gradle/api/internal/file/delete/Deleter
Event: 3.496 loading class org/gradle/api/internal/file/delete/Deleter done
Event: 3.497 loading class org/gradle/api/file/UnableToDeleteFileException
Event: 3.497 loading class org/gradle/api/file/UnableToDeleteFileException done


Dynamic libraries:
0x00007ff6343a0000 - 0x00007ff6343d7000 	C:\Program Files\Java\jdk1.8.0_101\bin\java.exe
0x00007ffc46770000 - 0x00007ffc46932000 	C:\WINDOWS\SYSTEM32\ntdll.dll
0x00007ffc46450000 - 0x00007ffc464fd000 	C:\WINDOWS\system32\KERNEL32.DLL
0x00007ffc43af0000 - 0x00007ffc43ccd000 	C:\WINDOWS\system32\KERNELBASE.dll
0x00007ffc43e40000 - 0x00007ffc43ee6000 	C:\WINDOWS\system32\ADVAPI32.dll
0x00007ffc44e80000 - 0x00007ffc44f1d000 	C:\WINDOWS\system32\msvcrt.dll
0x00007ffc44c70000 - 0x00007ffc44ccb000 	C:\WINDOWS\system32\sechost.dll
0x00007ffc46520000 - 0x00007ffc46646000 	C:\WINDOWS\system32\RPCRT4.dll
0x00007ffc44330000 - 0x00007ffc4447e000 	C:\WINDOWS\system32\USER32.dll
0x00007ffc44010000 - 0x00007ffc44195000 	C:\WINDOWS\system32\GDI32.dll
0x00007ffc36900000 - 0x00007ffc36b74000 	C:\WINDOWS\WinSxS\amd64_microsoft.windows.common-controls_6595b64144ccf1df_6.0.10240.16384_none_f41f7b285750ef43\COMCTL32.dll
0x00007ffc46650000 - 0x00007ffc46686000 	C:\WINDOWS\system32\IMM32.DLL
0x00007ffc44650000 - 0x00007ffc447ac000 	C:\WINDOWS\system32\MSCTF.dll
0x0000000060360000 - 0x0000000060432000 	C:\Program Files\Java\jdk1.8.0_101\jre\bin\msvcr100.dll
0x000000005fac0000 - 0x000000006035a000 	C:\Program Files\Java\jdk1.8.0_101\jre\bin\server\jvm.dll
0x00007ffc447b0000 - 0x00007ffc447b8000 	C:\WINDOWS\system32\PSAPI.DLL
0x00007ffc35f10000 - 0x00007ffc35f33000 	C:\WINDOWS\SYSTEM32\WINMM.dll
0x00007ffc38180000 - 0x00007ffc3818a000 	C:\WINDOWS\SYSTEM32\VERSION.dll
0x00007ffc389e0000 - 0x00007ffc389e9000 	C:\WINDOWS\SYSTEM32\WSOCK32.dll
0x00007ffc445e0000 - 0x00007ffc44649000 	C:\WINDOWS\system32\WS2_32.dll
0x00007ffc46760000 - 0x00007ffc46768000 	C:\WINDOWS\system32\NSI.dll
0x0000000000d40000 - 0x0000000000d6c000 	C:\WINDOWS\SYSTEM32\WINMMBASE.dll
0x00007ffc43470000 - 0x00007ffc434b4000 	C:\WINDOWS\system32\cfgmgr32.dll
0x00007ffc41b10000 - 0x00007ffc41b37000 	C:\WINDOWS\SYSTEM32\DEVOBJ.dll
0x000000005fab0000 - 0x000000005fabf000 	C:\Program Files\Java\jdk1.8.0_101\jre\bin\verify.dll
0x000000005fa80000 - 0x000000005faa9000 	C:\Program Files\Java\jdk1.8.0_101\jre\bin\java.dll
0x000000005fa60000 - 0x000000005fa76000 	C:\Program Files\Java\jdk1.8.0_101\jre\bin\zip.dll
0x00007ffc44f20000 - 0x00007ffc46445000 	C:\WINDOWS\system32\SHELL32.dll
0x00007ffc434c0000 - 0x00007ffc43ae8000 	C:\WINDOWS\system32\windows.storage.dll
0x00007ffc44990000 - 0x00007ffc44c0c000 	C:\WINDOWS\system32\combase.dll
0x00007ffc44c10000 - 0x00007ffc44c61000 	C:\WINDOWS\system32\shlwapi.dll
0x00007ffc43210000 - 0x00007ffc4321f000 	C:\WINDOWS\system32\kernel.appcore.dll
0x00007ffc43d80000 - 0x00007ffc43e33000 	C:\WINDOWS\system32\shcore.dll
0x00007ffc431c0000 - 0x00007ffc4320a000 	C:\WINDOWS\system32\powrprof.dll
0x00007ffc43220000 - 0x00007ffc43233000 	C:\WINDOWS\system32\profapi.dll
0x000000005fa40000 - 0x000000005fa5a000 	C:\Program Files\Java\jdk1.8.0_101\jre\bin\net.dll
0x00007ffc42a10000 - 0x00007ffc42a6d000 	C:\WINDOWS\system32\mswsock.dll
0x000000005fa20000 - 0x000000005fa31000 	C:\Program Files\Java\jdk1.8.0_101\jre\bin\nio.dll
0x00007ffc3f190000 - 0x00007ffc3f1a2000 	C:\Users\jparedes\.gradle\native\19\windows-amd64\native-platform.dll
0x00007ffc42a70000 - 0x00007ffc42a87000 	C:\WINDOWS\SYSTEM32\CRYPTSP.dll
0x00007ffc430d0000 - 0x00007ffc430f8000 	C:\WINDOWS\SYSTEM32\bcrypt.dll
0x00007ffc42660000 - 0x00007ffc42693000 	C:\WINDOWS\system32\rsaenh.dll
0x00007ffc428a0000 - 0x00007ffc428bf000 	C:\WINDOWS\SYSTEM32\USERENV.dll
0x00007ffc42fc0000 - 0x00007ffc4302b000 	C:\WINDOWS\system32\bcryptprimitives.dll
0x00007ffc42be0000 - 0x00007ffc42beb000 	C:\WINDOWS\SYSTEM32\CRYPTBASE.dll
0x00007ffc40fc0000 - 0x00007ffc40ff8000 	C:\WINDOWS\SYSTEM32\IPHLPAPI.DLL
0x00007ffc40fb0000 - 0x00007ffc40fbb000 	C:\WINDOWS\SYSTEM32\WINNSI.DLL
0x00007ffc402b0000 - 0x00007ffc402c6000 	C:\WINDOWS\SYSTEM32\dhcpcsvc6.DLL
0x00007ffc40250000 - 0x00007ffc4026a000 	C:\WINDOWS\SYSTEM32\dhcpcsvc.DLL
0x000000005fa10000 - 0x000000005fa1d000 	C:\Program Files\Java\jdk1.8.0_101\jre\bin\management.dll

VM Arguments:
jvm_args: -Xmx2048m -Dfile.encoding=windows-1252 -Duser.country=MX -Duser.language=es -Duser.variant 
java_command: org.gradle.launcher.daemon.bootstrap.GradleDaemon 2.14.1
java_class_path (initial): C:\Users\jparedes\.gradle\wrapper\dists\gradle-2.14.1-all\53l0mv9mggp9q5m2ip574m21oh\gradle-2.14.1\lib\gradle-launcher-2.14.1.jar
Launcher Type: SUN_STANDARD

Environment Variables:
JAVA_HOME=C:\Program Files\java\jdk1.8.0_101
CLASSPATH=C:\Users\jparedes\Documents\Cordova\alfa\platforms\android\\gradle\wrapper\gradle-wrapper.jar
PATH=C:\Users\jparedes\AppData\Roaming\npm;C:\Program Files\nodejs\;C:\ProgramData\Oracle\Java\javapath;C:\WINDOWS\system32;C:\WINDOWS;C:\WINDOWS\System32\Wbem;C:\WINDOWS\System32\WindowsPowerShell\v1.0\;C:\Users\lberjez\.dnx\bin;C:\Program Files\Microsoft DNX\Dnvm\;C:\Program Files\Microsoft SQL Server\130\Tools\Binn\;C:\Program Files\TortoiseSVN\bin;C:\Program Files (x86)\Android\android-sdk\tools;C:\Program Files (x86)\Android\android-sdk\platform-tools;C:\Program Files (x86)\Microsoft Visual Studio\Common\Tools\WinNT;C:\Program Files (x86)\Microsoft Visual Studio\Common\MSDev98\Bin;C:\Program Files (x86)\Microsoft Visual Studio\Common\Tools;C:\Program Files (x86)\Microsoft Visual Studio\VC98\bin;C:\Users\lberjez\AppData\Roaming\npm;C:\Program Files (x86)\Android\android-sdk;C:\Program Files (x86)\Android\android-sdk;C:\adb;C:\Program Files (x86)\Skype\Phone\;C:\Program Files\Git\cmd;C:\Program Files (x86)\Calibre2\;C:\Program Files\Microsoft SQL Server\Client SDK\ODBC\130\Tools\Binn\;C:\Program Files (x86)\Microsoft SQL Server\130\Tools\Binn\;C:\Program Files\Microsoft SQL Server\130\DTS\Binn\;C:\Program Files (x86)\Microsoft SQL Server\Client SDK\ODBC\130\Tools\Binn\;C:\Program Files (x86)\Microsoft SQL Server\130\DTS\Binn\;C:\Program Files (x86)\Microsoft SQL Server\130\Tools\Binn\ManagementStudio\;C:\Users\jparedes\.dnx\bin;C:\Program Files\Microsoft DNX\Dnvm\;C:\Program Files (x86)\Windows Kits\8.1\Windows Performance Toolkit\;C:\Program Files (x86)\Microsoft Emulator Manager\1.0\;C:\Program Files\VisualSVN Server\bin;C:\Program Files (x86)\Bitvise SSH Client;C:\Program Files\nodejs\;C:\Program Files (x86)\Microsoft VS Code\bin;C:\Users\jparedes\AppData\Local\GitHubDesktop\bin;C:\Users\jparedes\AppData\Roaming\npm;C:\Program Files\java\jdk1.8.0_101\bin
USERNAME=jparedes
OS=Windows_NT
PROCESSOR_IDENTIFIER=Intel64 Family 6 Model 58 Stepping 9, GenuineIntel



---------------  S Y S T E M  ---------------

OS: Windows 10.0 , 64 bit Build 10240 (10.0.10240.16384)

CPU:total 4 (2 cores per cpu, 2 threads per core) family 6 model 58 stepping 9, cmov, cx8, fxsr, mmx, sse, sse2, sse3, ssse3, sse4.1, sse4.2, popcnt, avx, aes, clmul, erms, ht, tsc, tscinvbit, tscinv

Memory: 4k page, physical 6085992k(949828k free), swap 24960360k(4796k free)

vm_info: Java HotSpot(TM) 64-Bit Server VM (25.101-b13) for windows-amd64 JRE (1.8.0_101-b13), built on Jun 22 2016 01:21:29 by "java_re" with MS VC++ 10.0 (VS2010)

time: Thu Apr 05 15:14:47 2018
elapsed time: 3 seconds (0d 0h 0m 3s)

