#
# There is insufficient memory for the Java Runtime Environment to continue.
# Native memory allocation (malloc) failed to allocate 2194896 bytes for Chunk::new
# Possible reasons:
#   The system is out of physical RAM or swap space
#   In 32 bit mode, the process size limit was hit
# Possible solutions:
#   Reduce memory load on the system
#   Increase physical memory or swap space
#   Check if swap backing store is full
#   Use 64 bit Java on a 64 bit OS
#   Decrease Java heap size (-Xmx/-Xms)
#   Decrease number of Java threads
#   Decrease Java thread stack sizes (-Xss)
#   Set larger code cache with -XX:ReservedCodeCacheSize=
# This output file may be truncated or incomplete.
#
#  Out of Memory Error (allocation.cpp:390), pid=8316, tid=0x0000000000001790
#
# JRE version: Java(TM) SE Runtime Environment (8.0_101-b13) (build 1.8.0_101-b13)
# Java VM: Java HotSpot(TM) 64-Bit Server VM (25.101-b13 mixed mode windows-amd64 compressed oops)
# Failed to write core dump. Minidumps are not enabled by default on client versions of Windows
#

---------------  T H R E A D  ---------------

Current thread (0x0000000017493800):  JavaThread "C2 CompilerThread0" daemon [_thread_in_native, id=6032, stack(0x0000000018ae0000,0x0000000018be0000)]

Stack: [0x0000000018ae0000,0x0000000018be0000]
[error occurred during error reporting (printing stack bounds), id 0xc0000005]

Native frames: (J=compiled Java code, j=interpreted, Vv=VM code, C=native code)


Current CompileTask:
C2:   3778 1607   !   4       java.net.URLClassLoader$1::run (63 bytes)


---------------  P R O C E S S  ---------------

Java Threads: ( => current thread )
  0x000000001a45f800 JavaThread "Stdin handler" [_thread_blocked, id=9588, stack(0x000000001bbc0000,0x000000001bcc0000)]
  0x000000001a44b800 JavaThread "Asynchronous log dispatcher for org.gradle.launcher.daemon.server.DefaultDaemonConnection@127555" [_thread_blocked, id=10440, stack(0x000000001bac0000,0x000000001bbc0000)]
  0x000000001a45a800 JavaThread "Daemon worker" [_thread_blocked, id=1396, stack(0x000000001b7c0000,0x000000001b8c0000)]
  0x000000001a49b000 JavaThread "Cancel handler" [_thread_blocked, id=10960, stack(0x000000001b6c0000,0x000000001b7c0000)]
  0x000000001a436800 JavaThread "Handler for socket connection from /127.0.0.1:65054 to /127.0.0.1:65055" [_thread_in_native, id=4236, stack(0x000000001b5c0000,0x000000001b6c0000)]
  0x000000001a09e800 JavaThread "Daemon" [_thread_blocked, id=5344, stack(0x000000001b4c0000,0x000000001b5c0000)]
  0x000000001a1c4800 JavaThread "Incoming local TCP Connector on port 65054" [_thread_in_native, id=9908, stack(0x000000001b0c0000,0x000000001b1c0000)]
  0x000000001a270800 JavaThread "pool-1-thread-1" [_thread_blocked, id=344, stack(0x0000000019be0000,0x0000000019ce0000)]
  0x0000000018e10800 JavaThread "Service Thread" daemon [_thread_blocked, id=10892, stack(0x00000000191e0000,0x00000000192e0000)]
  0x000000001749e800 JavaThread "C1 CompilerThread2" daemon [_thread_blocked, id=9912, stack(0x0000000018ce0000,0x0000000018de0000)]
  0x0000000017498000 JavaThread "C2 CompilerThread1" daemon [_thread_in_native, id=9380, stack(0x0000000018be0000,0x0000000018ce0000)]
=>0x0000000017493800 JavaThread "C2 CompilerThread0" daemon [_thread_in_native, id=6032, stack(0x0000000018ae0000,0x0000000018be0000)]
  0x0000000017491800 JavaThread "Attach Listener" daemon [_thread_blocked, id=9684, stack(0x00000000189e0000,0x0000000018ae0000)]
  0x0000000017490000 JavaThread "Signal Dispatcher" daemon [_thread_blocked, id=2468, stack(0x00000000188e0000,0x00000000189e0000)]
  0x000000001747a800 JavaThread "Finalizer" daemon [_thread_blocked, id=10820, stack(0x00000000186e0000,0x00000000187e0000)]
  0x0000000002833000 JavaThread "Reference Handler" daemon [_thread_blocked, id=5984, stack(0x00000000185e0000,0x00000000186e0000)]
  0x0000000002742800 JavaThread "main" [_thread_blocked, id=172, stack(0x0000000002640000,0x0000000002740000)]

Other Threads:
  0x0000000017458000 VMThread [stack: 0x00000000184e0000,0x00000000185e0000] [id=10404]
  0x0000000018e11000 WatcherThread [stack: 0x00000000192e0000,0x00000000193e0000] [id=8476]

VM state:at safepoint (normal execution)

VM Mutex/Monitor currently owned by a thread:  ([mutex/lock_event])
[0x00000000025de440] Threads_lock - owner thread: 0x0000000017458000
[0x00000000025de340] Heap_lock - owner thread: 0x000000001a45a800

Heap:
 PSYoungGen      total 28160K, used 3552K [0x00000000d5580000, 0x00000000d8c80000, 0x0000000100000000)
  eden space 24576K, 0% used [0x00000000d5580000,0x00000000d5580000,0x00000000d6d80000)
  from space 3584K, 99% used [0x00000000d6d80000,0x00000000d70f8020,0x00000000d7100000)
  to   space 3584K, 0% used [0x00000000d7100000,0x00000000d7100000,0x00000000d7480000)
 ParOldGen       total 64512K, used 10409K [0x0000000080000000, 0x0000000083f00000, 0x00000000d5580000)
  object space 64512K, 16% used [0x0000000080000000,0x0000000080a2a540,0x0000000083f00000)
 Metaspace       used 20874K, capacity 21204K, committed 21296K, reserved 1067008K
  class space    used 2804K, capacity 2909K, committed 2944K, reserved 1048576K

Card table byte_map: [0x0000000011c00000,0x0000000012010000] byte_map_base: 0x0000000011800000

Marking Bits: (ParMarkBitMap*) 0x00000000602da6d0
 Begin Bits: [0x00000000126c0000, 0x00000000146c0000)
 End Bits:   [0x00000000146c0000, 0x00000000166c0000)

Polling page: 0x0000000000ef0000

CodeCache: size=245760Kb used=6809Kb max_used=6809Kb free=238950Kb
 bounds [0x0000000002840000, 0x0000000002ef0000, 0x0000000011840000]
 total_blobs=2378 nmethods=1758 adapters=532
 compilation: enabled

Compilation events (10 events):
Event: 3.738 Thread 0x000000001749e800 1765       3       org.objectweb.asm.MethodWriter::visitMethodInsn (220 bytes)
Event: 3.739 Thread 0x000000001749e800 nmethod 1765 0x0000000002ee6110 code [0x0000000002ee6300, 0x0000000002ee6988]
Event: 3.740 Thread 0x000000001749e800 1766       3       org.objectweb.asm.MethodVisitor::visitMethodInsn (55 bytes)
Event: 3.740 Thread 0x000000001749e800 nmethod 1766 0x0000000002ee6d10 code [0x0000000002ee6ea0, 0x0000000002ee7258]
Event: 3.740 Thread 0x000000001749e800 1767       3       java.lang.Class::annotationData (44 bytes)
Event: 3.741 Thread 0x000000001749e800 nmethod 1767 0x0000000002ee7350 code [0x0000000002ee74e0, 0x0000000002ee7848]
Event: 3.741 Thread 0x000000001749e800 1768       3       org.objectweb.asm.ClassWriter::newClass (9 bytes)
Event: 3.741 Thread 0x000000001749e800 nmethod 1768 0x0000000002ee7990 code [0x0000000002ee7b00, 0x0000000002ee7ca8]
Event: 3.741 Thread 0x000000001749e800 1769       3       org.objectweb.asm.Type::getMethodDescriptor (53 bytes)
Event: 3.742 Thread 0x000000001749e800 nmethod 1769 0x0000000002ee7d90 code [0x0000000002ee7fa0, 0x0000000002ee8e28]

GC Heap History (10 events):
Event: 0.642 GC heap after
Heap after GC invocations=1 (full 0):
 PSYoungGen      total 28160K, used 3353K [0x00000000d5580000, 0x00000000d7480000, 0x0000000100000000)
  eden space 24576K, 0% used [0x00000000d5580000,0x00000000d5580000,0x00000000d6d80000)
  from space 3584K, 93% used [0x00000000d6d80000,0x00000000d70c64a8,0x00000000d7100000)
  to   space 3584K, 0% used [0x00000000d7100000,0x00000000d7100000,0x00000000d7480000)
 ParOldGen       total 64512K, used 8K [0x0000000080000000, 0x0000000083f00000, 0x00000000d5580000)
  object space 64512K, 0% used [0x0000000080000000,0x0000000080002000,0x0000000083f00000)
 Metaspace       used 6046K, capacity 6308K, committed 6528K, reserved 1056768K
  class space    used 778K, capacity 828K, committed 896K, reserved 1048576K
}
Event: 2.285 GC heap before
{Heap before GC invocations=2 (full 0):
 PSYoungGen      total 28160K, used 27929K [0x00000000d5580000, 0x00000000d7480000, 0x0000000100000000)
  eden space 24576K, 100% used [0x00000000d5580000,0x00000000d6d80000,0x00000000d6d80000)
  from space 3584K, 93% used [0x00000000d6d80000,0x00000000d70c64a8,0x00000000d7100000)
  to   space 3584K, 0% used [0x00000000d7100000,0x00000000d7100000,0x00000000d7480000)
 ParOldGen       total 64512K, used 8K [0x0000000080000000, 0x0000000083f00000, 0x00000000d5580000)
  object space 64512K, 0% used [0x0000000080000000,0x0000000080002000,0x0000000083f00000)
 Metaspace       used 10012K, capacity 10266K, committed 10368K, reserved 1058816K
  class space    used 1287K, capacity 1363K, committed 1408K, reserved 1048576K
Event: 2.289 GC heap after
Heap after GC invocations=2 (full 0):
 PSYoungGen      total 28160K, used 3576K [0x00000000d5580000, 0x00000000d7480000, 0x0000000100000000)
  eden space 24576K, 0% used [0x00000000d5580000,0x00000000d5580000,0x00000000d6d80000)
  from space 3584K, 99% used [0x00000000d7100000,0x00000000d747e2f8,0x00000000d7480000)
  to   space 3584K, 0% used [0x00000000d6d80000,0x00000000d6d80000,0x00000000d7100000)
 ParOldGen       total 64512K, used 612K [0x0000000080000000, 0x0000000083f00000, 0x00000000d5580000)
  object space 64512K, 0% used [0x0000000080000000,0x0000000080099398,0x0000000083f00000)
 Metaspace       used 10012K, capacity 10266K, committed 10368K, reserved 1058816K
  class space    used 1287K, capacity 1363K, committed 1408K, reserved 1048576K
}
Event: 2.767 GC heap before
{Heap before GC invocations=3 (full 0):
 PSYoungGen      total 28160K, used 28152K [0x00000000d5580000, 0x00000000d7480000, 0x0000000100000000)
  eden space 24576K, 100% used [0x00000000d5580000,0x00000000d6d80000,0x00000000d6d80000)
  from space 3584K, 99% used [0x00000000d7100000,0x00000000d747e2f8,0x00000000d7480000)
  to   space 3584K, 0% used [0x00000000d6d80000,0x00000000d6d80000,0x00000000d7100000)
 ParOldGen       total 64512K, used 612K [0x0000000080000000, 0x0000000083f00000, 0x00000000d5580000)
  object space 64512K, 0% used [0x0000000080000000,0x0000000080099398,0x0000000083f00000)
 Metaspace       used 13584K, capacity 13960K, committed 14080K, reserved 1060864K
  class space    used 1848K, capacity 1946K, committed 2048K, reserved 1048576K
Event: 2.775 GC heap after
Heap after GC invocations=3 (full 0):
 PSYoungGen      total 28160K, used 3552K [0x00000000d5580000, 0x00000000d7480000, 0x0000000100000000)
  eden space 24576K, 0% used [0x00000000d5580000,0x00000000d5580000,0x00000000d6d80000)
  from space 3584K, 99% used [0x00000000d6d80000,0x00000000d70f8020,0x00000000d7100000)
  to   space 3584K, 0% used [0x00000000d7100000,0x00000000d7100000,0x00000000d7480000)
 ParOldGen       total 64512K, used 3101K [0x0000000080000000, 0x0000000083f00000, 0x00000000d5580000)
  object space 64512K, 4% used [0x0000000080000000,0x0000000080307750,0x0000000083f00000)
 Metaspace       used 13584K, capacity 13960K, committed 14080K, reserved 1060864K
  class space    used 1848K, capacity 1946K, committed 2048K, reserved 1048576K
}
Event: 3.297 GC heap before
{Heap before GC invocations=4 (full 0):
 PSYoungGen      total 28160K, used 28128K [0x00000000d5580000, 0x00000000d7480000, 0x0000000100000000)
  eden space 24576K, 100% used [0x00000000d5580000,0x00000000d6d80000,0x00000000d6d80000)
  from space 3584K, 99% used [0x00000000d6d80000,0x00000000d70f8020,0x00000000d7100000)
  to   space 3584K, 0% used [0x00000000d7100000,0x00000000d7100000,0x00000000d7480000)
 ParOldGen       total 64512K, used 3101K [0x0000000080000000, 0x0000000083f00000, 0x00000000d5580000)
  object space 64512K, 4% used [0x0000000080000000,0x0000000080307750,0x0000000083f00000)
 Metaspace       used 18430K, capacity 18792K, committed 19072K, reserved 1064960K
  class space    used 2505K, capacity 2618K, committed 2688K, reserved 1048576K
Event: 3.308 GC heap after
Heap after GC invocations=4 (full 0):
 PSYoungGen      total 28160K, used 3568K [0x00000000d5580000, 0x00000000d8c80000, 0x0000000100000000)
  eden space 24576K, 0% used [0x00000000d5580000,0x00000000d5580000,0x00000000d6d80000)
  from space 3584K, 99% used [0x00000000d7100000,0x00000000d747c030,0x00000000d7480000)
  to   space 3584K, 0% used [0x00000000d6d80000,0x00000000d6d80000,0x00000000d7100000)
 ParOldGen       total 64512K, used 7780K [0x0000000080000000, 0x0000000083f00000, 0x00000000d5580000)
  object space 64512K, 12% used [0x0000000080000000,0x0000000080799308,0x0000000083f00000)
 Metaspace       used 18430K, capacity 18792K, committed 19072K, reserved 1064960K
  class space    used 2505K, capacity 2618K, committed 2688K, reserved 1048576K
}
Event: 3.755 GC heap before
{Heap before GC invocations=5 (full 0):
 PSYoungGen      total 28160K, used 26139K [0x00000000d5580000, 0x00000000d8c80000, 0x0000000100000000)
  eden space 24576K, 91% used [0x00000000d5580000,0x00000000d6b8adb0,0x00000000d6d80000)
  from space 3584K, 99% used [0x00000000d7100000,0x00000000d747c030,0x00000000d7480000)
  to   space 3584K, 0% used [0x00000000d6d80000,0x00000000d6d80000,0x00000000d7100000)
 ParOldGen       total 64512K, used 7780K [0x0000000080000000, 0x0000000083f00000, 0x00000000d5580000)
  object space 64512K, 12% used [0x0000000080000000,0x0000000080799308,0x0000000083f00000)
 Metaspace       used 20874K, capacity 21204K, committed 21296K, reserved 1067008K
  class space    used 2804K, capacity 2909K, committed 2944K, reserved 1048576K
Event: 3.771 GC heap after
Heap after GC invocations=5 (full 0):
 PSYoungGen      total 28160K, used 3552K [0x00000000d5580000, 0x00000000d8c80000, 0x0000000100000000)
  eden space 24576K, 0% used [0x00000000d5580000,0x00000000d5580000,0x00000000d6d80000)
  from space 3584K, 99% used [0x00000000d6d80000,0x00000000d70f8020,0x00000000d7100000)
  to   space 3584K, 0% used [0x00000000d7100000,0x00000000d7100000,0x00000000d7480000)
 ParOldGen       total 64512K, used 10409K [0x0000000080000000, 0x0000000083f00000, 0x00000000d5580000)
  object space 64512K, 16% used [0x0000000080000000,0x0000000080a2a540,0x0000000083f00000)
 Metaspace       used 20874K, capacity 21204K, committed 21296K, reserved 1067008K
  class space    used 2804K, capacity 2909K, committed 2944K, reserved 1048576K
}
Event: 3.771 GC heap before
{Heap before GC invocations=6 (full 1):
 PSYoungGen      total 28160K, used 3552K [0x00000000d5580000, 0x00000000d8c80000, 0x0000000100000000)
  eden space 24576K, 0% used [0x00000000d5580000,0x00000000d5580000,0x00000000d6d80000)
  from space 3584K, 99% used [0x00000000d6d80000,0x00000000d70f8020,0x00000000d7100000)
  to   space 3584K, 0% used [0x00000000d7100000,0x00000000d7100000,0x00000000d7480000)
 ParOldGen       total 64512K, used 10409K [0x0000000080000000, 0x0000000083f00000, 0x00000000d5580000)
  object space 64512K, 16% used [0x0000000080000000,0x0000000080a2a540,0x0000000083f00000)
 Metaspace       used 20874K, capacity 21204K, committed 21296K, reserved 1067008K
  class space    used 2804K, capacity 2909K, committed 2944K, reserved 1048576K

Deoptimization events (10 events):
Event: 3.329 Thread 0x000000001a45a800 Uncommon trap: reason=bimorphic action=maybe_recompile pc=0x0000000002cd7acc method=java.lang.ClassLoader.loadClass(Ljava/lang/String;Z)Ljava/lang/Class; @ 38
Event: 3.329 Thread 0x000000001a45a800 Uncommon trap: reason=bimorphic action=maybe_recompile pc=0x0000000002cd7acc method=java.lang.ClassLoader.loadClass(Ljava/lang/String;Z)Ljava/lang/Class; @ 38
Event: 3.356 Thread 0x000000001a45a800 Uncommon trap: reason=class_check action=maybe_recompile pc=0x0000000002a00ee0 method=sun.misc.URLClassPath.getLoader(I)Lsun/misc/URLClassPath$Loader; @ 193
Event: 3.370 Thread 0x000000001a45a800 Uncommon trap: reason=class_check action=maybe_recompile pc=0x0000000002a00ee0 method=sun.misc.URLClassPath.getLoader(I)Lsun/misc/URLClassPath$Loader; @ 193
Event: 3.536 Thread 0x000000001a45a800 Uncommon trap: reason=unstable_if action=reinterpret pc=0x0000000002c9ed60 method=java.util.HashMap.hash(Ljava/lang/Object;)I @ 1
Event: 3.673 Thread 0x000000001a45a800 Uncommon trap: reason=unstable_if action=reinterpret pc=0x0000000002c9e77c method=java.util.HashMap.getNode(ILjava/lang/Object;)Ljava/util/HashMap$Node; @ 53
Event: 3.673 Thread 0x000000001a45a800 Uncommon trap: reason=unstable_if action=reinterpret pc=0x0000000002c85ffc method=java.util.HashMap.hash(Ljava/lang/Object;)I @ 1
Event: 3.673 Thread 0x000000001a45a800 Uncommon trap: reason=unstable_if action=reinterpret pc=0x0000000002c89e1c method=java.util.HashMap.putVal(ILjava/lang/Object;Ljava/lang/Object;ZZ)Ljava/lang/Object; @ 85
Event: 3.705 Thread 0x000000001a45a800 Uncommon trap: reason=class_check action=maybe_recompile pc=0x0000000002ceed40 method=java.lang.reflect.Method.equals(Ljava/lang/Object;)Z @ 5
Event: 3.708 Thread 0x000000001a45a800 Uncommon trap: reason=class_check action=maybe_recompile pc=0x0000000002ceed40 method=java.lang.reflect.Method.equals(Ljava/lang/Object;)Z @ 5

Internal exceptions (10 events):
Event: 3.439 Thread 0x000000001a45a800 Exception <a 'java/lang/ClassNotFoundException': org/gradle/initialization/DefaultSettings_DecoratedBeanInfo> (0x00000000d5ce2f70) thrown at [C:\re\workspace\8-2-build-windows-amd64-cygwin\jdk8u101\7261\hotspot\src\share\vm\classfile\systemDictionary.cpp, ¼ù.áä„@
Event: 3.440 Thread 0x000000001a45a800 Exception <a 'java/lang/ClassNotFoundException': org/gradle/initialization/DefaultSettingsBeanInfo> (0x00000000d5cff310) thrown at [C:\re\workspace\8-2-build-windows-amd64-cygwin\jdk8u101\7261\hotspot\src\share\vm\classfile\systemDictionary.cpp, line 210]
Event: 3.440 Thread 0x000000001a45a800 Exception <a 'java/lang/ClassNotFoundException': org/gradle/initialization/BaseSettingsBeanInfo> (0x00000000d5d1a730) thrown at [C:\re\workspace\8-2-build-windows-amd64-cygwin\jdk8u101\7261\hotspot\src\share\vm\classfile\systemDictionary.cpp, line 210]
Event: 3.441 Thread 0x000000001a45a800 Exception <a 'java/lang/ClassNotFoundException': org/gradle/api/internal/project/AbstractPluginAwareBeanInfo> (0x00000000d5d3ad60) thrown at [C:\re\workspace\8-2-build-windows-amd64-cygwin\jdk8u101\7261\hotspot\src\share\vm\classfile\systemDictionary.cpp, þ9›#ˆ@
Event: 3.441 Thread 0x000000001a45a800 Exception <a 'java/lang/ClassNotFoundException': org/gradle/api/internal/project/AbstractPluginAwareCustomizer> (0x00000000d5d5bae8) thrown at [C:\re\workspace\8-2-build-windows-amd64-cygwin\jdk8u101\7261\hotspot\src\share\vm\classfile\systemDictionary.cppMÁÄ¹©Š@
Event: 3.443 Thread 0x000000001a45a800 Exception <a 'java/lang/ClassNotFoundException': org/gradle/initialization/BaseSettingsCustomizer> (0x00000000d5d7dff8) thrown at [C:\re\workspace\8-2-build-windows-amd64-cygwin\jdk8u101\7261\hotspot\src\share\vm\classfile\systemDictionary.cpp, line 210]
Event: 3.447 Thread 0x000000001a45a800 Exception <a 'java/lang/ClassNotFoundException': org/gradle/initialization/DefaultSettingsCustomizer> (0x00000000d5dc0b40) thrown at [C:\re\workspace\8-2-build-windows-amd64-cygwin\jdk8u101\7261\hotspot\src\share\vm\classfile\systemDictionary.cpp, line 210HmðË•@
Event: 3.448 Thread 0x000000001a45a800 Exception <a 'java/lang/ClassNotFoundException': org/gradle/initialization/DefaultSettings_DecoratedCustomizer> (0x00000000d5de72b8) thrown at [C:\re\workspace\8-2-build-windows-amd64-cygwin\jdk8u101\7261\hotspot\src\share\vm\classfile\systemDictionary.cpp±ˆî!I@
Event: 3.536 Thread 0x000000001a45a800 Implicit null exception at 0x0000000002c9eb55 to 0x0000000002c9ed51
Event: 3.673 Thread 0x000000001a45a800 Implicit null exception at 0x0000000002c85b9b to 0x0000000002c85fe1

Events (10 events):
Event: 3.753 loading class org/gradle/model/internal/core/ModelSpec done
Event: 3.753 loading class org/gradle/model/internal/core/NodePredicate$BasicPredicate
Event: 3.753 loading class org/gradle/model/internal/core/NodePredicate$BasicPredicate done
Event: 3.754 loading class org/gradle/api/internal/tasks/DefaultTaskContainerFactory$3
Event: 3.754 loading class org/gradle/api/internal/tasks/DefaultTaskContainerFactory$3 done
Event: 3.754 loading class org/gradle/model/internal/core/DirectNodeNoInputsModelAction
Event: 3.754 loading class org/gradle/model/internal/core/DirectNodeNoInputsModelAction done
Event: 3.754 loading class org/gradle/model/internal/core/AbstractModelActionWithView
Event: 3.754 loading class org/gradle/model/internal/core/AbstractModelActionWithView done
Event: 3.755 Executing VM operation: CollectForMetadataAllocation


Dynamic libraries:
0x00007ff6343a0000 - 0x00007ff6343d7000 	C:\Program Files\Java\jdk1.8.0_101\bin\java.exe
0x00007ffc46770000 - 0x00007ffc46932000 	C:\WINDOWS\SYSTEM32\ntdll.dll
0x00007ffc46450000 - 0x00007ffc464fd000 	C:\WINDOWS\system32\KERNEL32.DLL
0x00007ffc43af0000 - 0x00007ffc43ccd000 	C:\WINDOWS\system32\KERNELBASE.dll
0x00007ffc43e40000 - 0x00007ffc43ee6000 	C:\WINDOWS\system32\ADVAPI32.dll
0x00007ffc44e80000 - 0x00007ffc44f1d000 	C:\WINDOWS\system32\msvcrt.dll
0x00007ffc44c70000 - 0x00007ffc44ccb000 	C:\WINDOWS\system32\sechost.dll
0x00007ffc46520000 - 0x00007ffc46646000 	C:\WINDOWS\system32\RPCRT4.dll
0x00007ffc44330000 - 0x00007ffc4447e000 	C:\WINDOWS\system32\USER32.dll
0x00007ffc44010000 - 0x00007ffc44195000 	C:\WINDOWS\system32\GDI32.dll
0x00007ffc36900000 - 0x00007ffc36b74000 	C:\WINDOWS\WinSxS\amd64_microsoft.windows.common-controls_6595b64144ccf1df_6.0.10240.16384_none_f41f7b285750ef43\COMCTL32.dll
0x00007ffc46650000 - 0x00007ffc46686000 	C:\WINDOWS\system32\IMM32.DLL
0x00007ffc44650000 - 0x00007ffc447ac000 	C:\WINDOWS\system32\MSCTF.dll
0x0000000060360000 - 0x0000000060432000 	C:\Program Files\Java\jdk1.8.0_101\jre\bin\msvcr100.dll
0x000000005fac0000 - 0x000000006035a000 	C:\Program Files\Java\jdk1.8.0_101\jre\bin\server\jvm.dll
0x00007ffc447b0000 - 0x00007ffc447b8000 	C:\WINDOWS\system32\PSAPI.DLL
0x00007ffc389e0000 - 0x00007ffc389e9000 	C:\WINDOWS\SYSTEM32\WSOCK32.dll
0x00007ffc35f10000 - 0x00007ffc35f33000 	C:\WINDOWS\SYSTEM32\WINMM.dll
0x00007ffc38180000 - 0x00007ffc3818a000 	C:\WINDOWS\SYSTEM32\VERSION.dll
0x00007ffc445e0000 - 0x00007ffc44649000 	C:\WINDOWS\system32\WS2_32.dll
0x00007ffc46760000 - 0x00007ffc46768000 	C:\WINDOWS\system32\NSI.dll
0x00000000025a0000 - 0x00000000025cc000 	C:\WINDOWS\SYSTEM32\WINMMBASE.dll
0x00007ffc43470000 - 0x00007ffc434b4000 	C:\WINDOWS\system32\cfgmgr32.dll
0x00007ffc41b10000 - 0x00007ffc41b37000 	C:\WINDOWS\SYSTEM32\DEVOBJ.dll
0x000000005fab0000 - 0x000000005fabf000 	C:\Program Files\Java\jdk1.8.0_101\jre\bin\verify.dll
0x000000005fa80000 - 0x000000005faa9000 	C:\Program Files\Java\jdk1.8.0_101\jre\bin\java.dll
0x000000005fa60000 - 0x000000005fa76000 	C:\Program Files\Java\jdk1.8.0_101\jre\bin\zip.dll
0x00007ffc44f20000 - 0x00007ffc46445000 	C:\WINDOWS\system32\SHELL32.dll
0x00007ffc434c0000 - 0x00007ffc43ae8000 	C:\WINDOWS\system32\windows.storage.dll
0x00007ffc44990000 - 0x00007ffc44c0c000 	C:\WINDOWS\system32\combase.dll
0x00007ffc44c10000 - 0x00007ffc44c61000 	C:\WINDOWS\system32\shlwapi.dll
0x00007ffc43210000 - 0x00007ffc4321f000 	C:\WINDOWS\system32\kernel.appcore.dll
0x00007ffc43d80000 - 0x00007ffc43e33000 	C:\WINDOWS\system32\shcore.dll
0x00007ffc431c0000 - 0x00007ffc4320a000 	C:\WINDOWS\system32\powrprof.dll
0x00007ffc43220000 - 0x00007ffc43233000 	C:\WINDOWS\system32\profapi.dll
0x000000005fa40000 - 0x000000005fa5a000 	C:\Program Files\Java\jdk1.8.0_101\jre\bin\net.dll
0x00007ffc42a10000 - 0x00007ffc42a6d000 	C:\WINDOWS\system32\mswsock.dll
0x000000005fa20000 - 0x000000005fa31000 	C:\Program Files\Java\jdk1.8.0_101\jre\bin\nio.dll
0x00007ffc3f1b0000 - 0x00007ffc3f1c2000 	C:\Users\jparedes\.gradle\native\19\windows-amd64\native-platform.dll
0x00007ffc42a70000 - 0x00007ffc42a87000 	C:\WINDOWS\SYSTEM32\CRYPTSP.dll
0x00007ffc430d0000 - 0x00007ffc430f8000 	C:\WINDOWS\SYSTEM32\bcrypt.dll
0x00007ffc42660000 - 0x00007ffc42693000 	C:\WINDOWS\system32\rsaenh.dll
0x00007ffc428a0000 - 0x00007ffc428bf000 	C:\WINDOWS\SYSTEM32\USERENV.dll
0x00007ffc42fc0000 - 0x00007ffc4302b000 	C:\WINDOWS\system32\bcryptprimitives.dll
0x00007ffc42be0000 - 0x00007ffc42beb000 	C:\WINDOWS\SYSTEM32\CRYPTBASE.dll
0x00007ffc40fc0000 - 0x00007ffc40ff8000 	C:\WINDOWS\SYSTEM32\IPHLPAPI.DLL
0x00007ffc40fb0000 - 0x00007ffc40fbb000 	C:\WINDOWS\SYSTEM32\WINNSI.DLL
0x00007ffc402b0000 - 0x00007ffc402c6000 	C:\WINDOWS\SYSTEM32\dhcpcsvc6.DLL
0x00007ffc40250000 - 0x00007ffc4026a000 	C:\WINDOWS\SYSTEM32\dhcpcsvc.DLL
0x000000005fa10000 - 0x000000005fa1d000 	C:\Program Files\Java\jdk1.8.0_101\jre\bin\management.dll

VM Arguments:
jvm_args: -Xmx2048m -Dfile.encoding=windows-1252 -Duser.country=MX -Duser.language=es -Duser.variant 
java_command: org.gradle.launcher.daemon.bootstrap.GradleDaemon 2.14.1
java_class_path (initial): C:\Users\jparedes\.gradle\wrapper\dists\gradle-2.14.1-all\53l0mv9mggp9q5m2ip574m21oh\gradle-2.14.1\lib\gradle-launcher-2.14.1.jar
Launcher Type: SUN_STANDARD

Environment Variables:
JAVA_HOME=C:\Program Files\java\jdk1.8.0_101
CLASSPATH=C:\Users\jparedes\Documents\Cordova\alfa\platforms\android\\gradle\wrapper\gradle-wrapper.jar
PATH=C:\Users\jparedes\AppData\Roaming\npm;C:\Program Files\nodejs\;C:\ProgramData\Oracle\Java\javapath;C:\WINDOWS\system32;C:\WINDOWS;C:\WINDOWS\System32\Wbem;C:\WINDOWS\System32\WindowsPowerShell\v1.0\;C:\Users\lberjez\.dnx\bin;C:\Program Files\Microsoft DNX\Dnvm\;C:\Program Files\Microsoft SQL Server\130\Tools\Binn\;C:\Program Files\TortoiseSVN\bin;C:\Program Files (x86)\Android\android-sdk\tools;C:\Program Files (x86)\Android\android-sdk\platform-tools;C:\Program Files (x86)\Microsoft Visual Studio\Common\Tools\WinNT;C:\Program Files (x86)\Microsoft Visual Studio\Common\MSDev98\Bin;C:\Program Files (x86)\Microsoft Visual Studio\Common\Tools;C:\Program Files (x86)\Microsoft Visual Studio\VC98\bin;C:\Users\lberjez\AppData\Roaming\npm;C:\Program Files (x86)\Android\android-sdk;C:\Program Files (x86)\Android\android-sdk;C:\adb;C:\Program Files (x86)\Skype\Phone\;C:\Program Files\Git\cmd;C:\Program Files (x86)\Calibre2\;C:\Program Files\Microsoft SQL Server\Client SDK\ODBC\130\Tools\Binn\;C:\Program Files (x86)\Microsoft SQL Server\130\Tools\Binn\;C:\Program Files\Microsoft SQL Server\130\DTS\Binn\;C:\Program Files (x86)\Microsoft SQL Server\Client SDK\ODBC\130\Tools\Binn\;C:\Program Files (x86)\Microsoft SQL Server\130\DTS\Binn\;C:\Program Files (x86)\Microsoft SQL Server\130\Tools\Binn\ManagementStudio\;C:\Users\jparedes\.dnx\bin;C:\Program Files\Microsoft DNX\Dnvm\;C:\Program Files (x86)\Windows Kits\8.1\Windows Performance Toolkit\;C:\Program Files (x86)\Microsoft Emulator Manager\1.0\;C:\Program Files\VisualSVN Server\bin;C:\Program Files (x86)\Bitvise SSH Client;C:\Program Files\nodejs\;C:\Program Files (x86)\Microsoft VS Code\bin;C:\Users\jparedes\AppData\Local\GitHubDesktop\bin;C:\Users\jparedes\AppData\Roaming\npm;C:\Program Files\java\jdk1.8.0_101\bin
USERNAME=jparedes
OS=Windows_NT
PROCESSOR_IDENTIFIER=Intel64 Family 6 Model 58 Stepping 9, GenuineIntel



---------------  S Y S T E M  ---------------

OS: Windows 10.0 , 64 bit Build 10240 (10.0.10240.16384)

CPU:total 4 (2 cores per cpu, 2 threads per core) family 6 model 58 stepping 9, cmov, cx8, fxsr, mmx, sse, sse2, sse3, ssse3, sse4.1, sse4.2, popcnt, avx, aes, clmul, erms, ht, tsc, tscinvbit, tscinv

Memory: 4k page, physical 6085992k(921132k free), swap 24960360k(5264k free)

vm_info: Java HotSpot(TM) 64-Bit Server VM (25.101-b13) for windows-amd64 JRE (1.8.0_101-b13), built on Jun 22 2016 01:21:29 by "java_re" with MS VC++ 10.0 (VS2010)

time: Thu Apr 05 15:14:23 2018
elapsed time: 3 seconds (0d 0h 0m 3s)

