#
# There is insufficient memory for the Java Runtime Environment to continue.
# Native memory allocation (malloc) failed to allocate 1103888 bytes for Chunk::new
# Possible reasons:
#   The system is out of physical RAM or swap space
#   In 32 bit mode, the process size limit was hit
# Possible solutions:
#   Reduce memory load on the system
#   Increase physical memory or swap space
#   Check if swap backing store is full
#   Use 64 bit Java on a 64 bit OS
#   Decrease Java heap size (-Xmx/-Xms)
#   Decrease number of Java threads
#   Decrease Java thread stack sizes (-Xss)
#   Set larger code cache with -XX:ReservedCodeCacheSize=
# This output file may be truncated or incomplete.
#
#  Out of Memory Error (allocation.cpp:390), pid=3776, tid=0x000000000000138c
#
# JRE version: Java(TM) SE Runtime Environment (8.0_101-b13) (build 1.8.0_101-b13)
# Java VM: Java HotSpot(TM) 64-Bit Server VM (25.101-b13 mixed mode windows-amd64 compressed oops)
# Failed to write core dump. Minidumps are not enabled by default on client versions of Windows
#

---------------  T H R E A D  ---------------

Current thread (0x0000000016ec4800):  JavaThread "C2 CompilerThread0" daemon [_thread_in_native, id=5004, stack(0x0000000018520000,0x0000000018620000)]

Stack: [0x0000000018520000,0x0000000018620000]
[error occurred during error reporting (printing stack bounds), id 0xc0000005]

Native frames: (J=compiled Java code, j=interpreted, Vv=VM code, C=native code)


Current CompileTask:
C2:  18404 2751       4       groovy.lang.MetaClassImpl$1MOPIter::methodNameAction (479 bytes)


---------------  P R O C E S S  ---------------

Java Threads: ( => current thread )
  0x000000001c88b800 JavaThread "File lock request listener" [_thread_in_native, id=10496, stack(0x000000001ec40000,0x000000001ed40000)]
  0x0000000019a60000 JavaThread "Stdin handler" [_thread_blocked, id=828, stack(0x000000001b5d0000,0x000000001b6d0000)]
  0x0000000019a8e000 JavaThread "Asynchronous log dispatcher for org.gradle.launcher.daemon.server.DefaultDaemonConnection@30b92167" [_thread_blocked, id=8312, stack(0x000000001b4d0000,0x000000001b5d0000)]
  0x0000000019a8c800 JavaThread "Daemon worker" [_thread_in_native, id=8004, stack(0x000000001b1d0000,0x000000001b2d0000)]
  0x0000000019a84000 JavaThread "Cancel handler" [_thread_blocked, id=8160, stack(0x000000001b0d0000,0x000000001b1d0000)]
  0x0000000019b9b000 JavaThread "Handler for socket connection from /127.0.0.1:64647 to /127.0.0.1:64648" [_thread_in_native, id=6384, stack(0x000000001afd0000,0x000000001b0d0000)]
  0x0000000019a51000 JavaThread "Daemon" [_thread_blocked, id=8532, stack(0x000000001aed0000,0x000000001afd0000)]
  0x00000000198d8800 JavaThread "Incoming local TCP Connector on port 64647" [_thread_in_native, id=8796, stack(0x000000001aad0000,0x000000001abd0000)]
  0x00000000197c5000 JavaThread "pool-1-thread-1" [_thread_blocked, id=11184, stack(0x000000001a9d0000,0x000000001aad0000)]
  0x0000000018845000 JavaThread "Service Thread" daemon [_thread_blocked, id=1964, stack(0x0000000018c20000,0x0000000018d20000)]
  0x0000000016ecf000 JavaThread "C1 CompilerThread2" daemon [_thread_blocked, id=3240, stack(0x0000000018720000,0x0000000018820000)]
  0x0000000016ec9000 JavaThread "C2 CompilerThread1" daemon [_thread_in_native, id=6216, stack(0x0000000018620000,0x0000000018720000)]
=>0x0000000016ec4800 JavaThread "C2 CompilerThread0" daemon [_thread_in_native, id=5004, stack(0x0000000018520000,0x0000000018620000)]
  0x0000000016ec2800 JavaThread "Attach Listener" daemon [_thread_blocked, id=9456, stack(0x0000000018420000,0x0000000018520000)]
  0x0000000016ec1000 JavaThread "Signal Dispatcher" daemon [_thread_blocked, id=10876, stack(0x0000000018320000,0x0000000018420000)]
  0x0000000016eaa800 JavaThread "Finalizer" daemon [_thread_blocked, id=10228, stack(0x0000000018110000,0x0000000018210000)]
  0x0000000002293000 JavaThread "Reference Handler" daemon [_thread_blocked, id=7132, stack(0x0000000018010000,0x0000000018110000)]
  0x00000000021a2800 JavaThread "main" [_thread_blocked, id=6888, stack(0x0000000002040000,0x0000000002140000)]

Other Threads:
  0x0000000016e88000 VMThread [stack: 0x0000000017f10000,0x0000000018010000] [id=8316]
  0x000000001885b000 WatcherThread [stack: 0x0000000018d20000,0x0000000018e20000] [id=10752]

VM state:not at safepoint (normal execution)

VM Mutex/Monitor currently owned by a thread: None

Heap:
 PSYoungGen      total 52736K, used 37038K [0x00000000d5580000, 0x00000000dab00000, 0x0000000100000000)
  eden space 49152K, 68% used [0x00000000d5580000,0x00000000d762e390,0x00000000d8580000)
  from space 3584K, 99% used [0x00000000d8580000,0x00000000d88fd768,0x00000000d8900000)
  to   space 8192K, 0% used [0x00000000da300000,0x00000000da300000,0x00000000dab00000)
 ParOldGen       total 52224K, used 14663K [0x0000000080000000, 0x0000000083300000, 0x00000000d5580000)
  object space 52224K, 28% used [0x0000000080000000,0x0000000080e51f60,0x0000000083300000)
 Metaspace       used 31100K, capacity 31742K, committed 32128K, reserved 1077248K
  class space    used 4259K, capacity 4441K, committed 4480K, reserved 1048576K

Card table byte_map: [0x0000000011660000,0x0000000011a70000] byte_map_base: 0x0000000011260000

Marking Bits: (ParMarkBitMap*) 0x00000000602da6d0
 Begin Bits: [0x0000000012120000, 0x0000000014120000)
 End Bits:   [0x0000000014120000, 0x0000000016120000)

Polling page: 0x0000000002000000

CodeCache: size=245760Kb used=10548Kb max_used=10548Kb free=235211Kb
 bounds [0x00000000022a0000, 0x0000000002d00000, 0x00000000112a0000]
 total_blobs=3502 nmethods=2833 adapters=579
 compilation: enabled

Compilation events (10 events):
Event: 18.321 Thread 0x0000000016ecf000 2848       3       java.util.jar.Manifest$FastInputStream::fill (38 bytes)
Event: 18.321 Thread 0x0000000016ecf000 nmethod 2848 0x0000000002ce4990 code [0x0000000002ce4b00, 0x0000000002ce4d88]
Event: 18.351 Thread 0x0000000016ecf000 2849       3       java.nio.ByteBuffer::<init> (45 bytes)
Event: 18.351 Thread 0x0000000016ecf000 nmethod 2849 0x0000000002ce5b10 code [0x0000000002ce5c80, 0x0000000002ce5ec8]
Event: 18.352 Thread 0x0000000016ecf000 2850       3       org.gradle.internal.service.DefaultServiceRegistry$SingletonService::get (5 bytes)
Event: 18.352 Thread 0x0000000016ecf000 nmethod 2850 0x0000000002ce5fd0 code [0x0000000002ce6140, 0x0000000002ce6348]
Event: 18.352 Thread 0x0000000016ecf000 2851       3       org.gradle.internal.service.DefaultServiceRegistry$ManagedObjectProvider::getInstance (57 bytes)
Event: 18.352 Thread 0x0000000016ecf000 nmethod 2851 0x0000000002ce6410 code [0x0000000002ce6580, 0x0000000002ce6808]
Event: 18.359 Thread 0x0000000016ecf000 2852       3       java.util.Objects::hashCode (13 bytes)
Event: 18.360 Thread 0x0000000016ecf000 nmethod 2852 0x0000000002ce6890 code [0x0000000002ce6a00, 0x0000000002ce6c48]

GC Heap History (10 events):
Event: 3.618 GC heap before
{Heap before GC invocations=4 (full 0):
 PSYoungGen      total 28160K, used 28144K [0x00000000d5580000, 0x00000000d8c80000, 0x0000000100000000)
  eden space 24576K, 100% used [0x00000000d5580000,0x00000000d6d80000,0x00000000d6d80000)
  from space 3584K, 99% used [0x00000000d6d80000,0x00000000d70fc030,0x00000000d7100000)
  to   space 3584K, 0% used [0x00000000d8900000,0x00000000d8900000,0x00000000d8c80000)
 ParOldGen       total 64512K, used 3138K [0x0000000080000000, 0x0000000083f00000, 0x00000000d5580000)
  object space 64512K, 4% used [0x0000000080000000,0x0000000080310a28,0x0000000083f00000)
 Metaspace       used 18415K, capacity 18786K, committed 19072K, reserved 1064960K
  class space    used 2503K, capacity 2617K, committed 2688K, reserved 1048576K
Event: 3.637 GC heap after
Heap after GC invocations=4 (full 0):
 PSYoungGen      total 52736K, used 3568K [0x00000000d5580000, 0x00000000d8c80000, 0x0000000100000000)
  eden space 49152K, 0% used [0x00000000d5580000,0x00000000d5580000,0x00000000d8580000)
  from space 3584K, 99% used [0x00000000d8900000,0x00000000d8c7c010,0x00000000d8c80000)
  to   space 3584K, 0% used [0x00000000d8580000,0x00000000d8580000,0x00000000d8900000)
 ParOldGen       total 64512K, used 7785K [0x0000000080000000, 0x0000000083f00000, 0x00000000d5580000)
  object space 64512K, 12% used [0x0000000080000000,0x000000008079a6d8,0x0000000083f00000)
 Metaspace       used 18415K, capacity 18786K, committed 19072K, reserved 1064960K
  class space    used 2503K, capacity 2617K, committed 2688K, reserved 1048576K
}
Event: 4.153 GC heap before
{Heap before GC invocations=5 (full 0):
 PSYoungGen      total 52736K, used 26691K [0x00000000d5580000, 0x00000000d8c80000, 0x0000000100000000)
  eden space 49152K, 47% used [0x00000000d5580000,0x00000000d6c14c58,0x00000000d8580000)
  from space 3584K, 99% used [0x00000000d8900000,0x00000000d8c7c010,0x00000000d8c80000)
  to   space 3584K, 0% used [0x00000000d8580000,0x00000000d8580000,0x00000000d8900000)
 ParOldGen       total 64512K, used 7785K [0x0000000080000000, 0x0000000083f00000, 0x00000000d5580000)
  object space 64512K, 12% used [0x0000000080000000,0x000000008079a6d8,0x0000000083f00000)
 Metaspace       used 20890K, capacity 21198K, committed 21296K, reserved 1067008K
  class space    used 2804K, capacity 2908K, committed 2944K, reserved 1048576K
Event: 4.160 GC heap after
Heap after GC invocations=5 (full 0):
 PSYoungGen      total 52736K, used 3568K [0x00000000d5580000, 0x00000000d8c80000, 0x0000000100000000)
  eden space 49152K, 0% used [0x00000000d5580000,0x00000000d5580000,0x00000000d8580000)
  from space 3584K, 99% used [0x00000000d8580000,0x00000000d88fc030,0x00000000d8900000)
  to   space 3584K, 0% used [0x00000000d8900000,0x00000000d8900000,0x00000000d8c80000)
 ParOldGen       total 64512K, used 10464K [0x0000000080000000, 0x0000000083f00000, 0x00000000d5580000)
  object space 64512K, 16% used [0x0000000080000000,0x0000000080a38320,0x0000000083f00000)
 Metaspace       used 20890K, capacity 21198K, committed 21296K, reserved 1067008K
  class space    used 2804K, capacity 2908K, committed 2944K, reserved 1048576K
}
Event: 4.160 GC heap before
{Heap before GC invocations=6 (full 1):
 PSYoungGen      total 52736K, used 3568K [0x00000000d5580000, 0x00000000d8c80000, 0x0000000100000000)
  eden space 49152K, 0% used [0x00000000d5580000,0x00000000d5580000,0x00000000d8580000)
  from space 3584K, 99% used [0x00000000d8580000,0x00000000d88fc030,0x00000000d8900000)
  to   space 3584K, 0% used [0x00000000d8900000,0x00000000d8900000,0x00000000d8c80000)
 ParOldGen       total 64512K, used 10464K [0x0000000080000000, 0x0000000083f00000, 0x00000000d5580000)
  object space 64512K, 16% used [0x0000000080000000,0x0000000080a38320,0x0000000083f00000)
 Metaspace       used 20890K, capacity 21198K, committed 21296K, reserved 1067008K
  class space    used 2804K, capacity 2908K, committed 2944K, reserved 1048576K
Event: 4.205 GC heap after
Heap after GC invocations=6 (full 1):
 PSYoungGen      total 52736K, used 0K [0x00000000d5580000, 0x00000000d8c80000, 0x0000000100000000)
  eden space 49152K, 0% used [0x00000000d5580000,0x00000000d5580000,0x00000000d8580000)
  from space 3584K, 0% used [0x00000000d8580000,0x00000000d8580000,0x00000000d8900000)
  to   space 3584K, 0% used [0x00000000d8900000,0x00000000d8900000,0x00000000d8c80000)
 ParOldGen       total 52224K, used 10780K [0x0000000080000000, 0x0000000083300000, 0x00000000d5580000)
  object space 52224K, 20% used [0x0000000080000000,0x0000000080a87190,0x0000000083300000)
 Metaspace       used 20890K, capacity 21198K, committed 21296K, reserved 1067008K
  class space    used 2804K, capacity 2908K, committed 2944K, reserved 1048576K
}
Event: 5.610 GC heap before
{Heap before GC invocations=7 (full 1):
 PSYoungGen      total 52736K, used 49152K [0x00000000d5580000, 0x00000000d8c80000, 0x0000000100000000)
  eden space 49152K, 100% used [0x00000000d5580000,0x00000000d8580000,0x00000000d8580000)
  from space 3584K, 0% used [0x00000000d8580000,0x00000000d8580000,0x00000000d8900000)
  to   space 3584K, 0% used [0x00000000d8900000,0x00000000d8900000,0x00000000d8c80000)
 ParOldGen       total 52224K, used 10780K [0x0000000080000000, 0x0000000083300000, 0x00000000d5580000)
  object space 52224K, 20% used [0x0000000080000000,0x0000000080a87190,0x0000000083300000)
 Metaspace       used 24975K, capacity 25346K, committed 25728K, reserved 1071104K
  class space    used 3472K, capacity 3625K, committed 3712K, reserved 1048576K
Event: 5.616 GC heap after
Heap after GC invocations=7 (full 1):
 PSYoungGen      total 52736K, used 3570K [0x00000000d5580000, 0x00000000d8c80000, 0x0000000100000000)
  eden space 49152K, 0% used [0x00000000d5580000,0x00000000d5580000,0x00000000d8580000)
  from space 3584K, 99% used [0x00000000d8900000,0x00000000d8c7c928,0x00000000d8c80000)
  to   space 3584K, 0% used [0x00000000d8580000,0x00000000d8580000,0x00000000d8900000)
 ParOldGen       total 52224K, used 12853K [0x0000000080000000, 0x0000000083300000, 0x00000000d5580000)
  object space 52224K, 24% used [0x0000000080000000,0x0000000080c8d690,0x0000000083300000)
 Metaspace       used 24975K, capacity 25346K, committed 25728K, reserved 1071104K
  class space    used 3472K, capacity 3625K, committed 3712K, reserved 1048576K
}
Event: 11.284 GC heap before
{Heap before GC invocations=8 (full 1):
 PSYoungGen      total 52736K, used 52722K [0x00000000d5580000, 0x00000000d8c80000, 0x0000000100000000)
  eden space 49152K, 100% used [0x00000000d5580000,0x00000000d8580000,0x00000000d8580000)
  from space 3584K, 99% used [0x00000000d8900000,0x00000000d8c7c928,0x00000000d8c80000)
  to   space 3584K, 0% used [0x00000000d8580000,0x00000000d8580000,0x00000000d8900000)
 ParOldGen       total 52224K, used 12853K [0x0000000080000000, 0x0000000083300000, 0x00000000d5580000)
  object space 52224K, 24% used [0x0000000080000000,0x0000000080c8d690,0x0000000083300000)
 Metaspace       used 27562K, capacity 28076K, committed 28288K, reserved 1073152K
  class space    used 3808K, capacity 3958K, committed 3968K, reserved 1048576K
Event: 11.290 GC heap after
Heap after GC invocations=8 (full 1):
 PSYoungGen      total 52736K, used 3573K [0x00000000d5580000, 0x00000000dab00000, 0x0000000100000000)
  eden space 49152K, 0% used [0x00000000d5580000,0x00000000d5580000,0x00000000d8580000)
  from space 3584K, 99% used [0x00000000d8580000,0x00000000d88fd768,0x00000000d8900000)
  to   space 8192K, 0% used [0x00000000da300000,0x00000000da300000,0x00000000dab00000)
 ParOldGen       total 52224K, used 14663K [0x0000000080000000, 0x0000000083300000, 0x00000000d5580000)
  object space 52224K, 28% used [0x0000000080000000,0x0000000080e51f60,0x0000000083300000)
 Metaspace       used 27562K, capacity 28076K, committed 28288K, reserved 1073152K
  class space    used 3808K, capacity 3958K, committed 3968K, reserved 1048576K
}

Deoptimization events (10 events):
Event: 7.832 Thread 0x0000000019a8c800 Uncommon trap: reason=predicate action=maybe_recompile pc=0x0000000002b22ca8 method=java.util.AbstractCollection.toArray([Ljava/lang/Object;)[Ljava/lang/Object; @ 49
Event: 8.057 Thread 0x0000000019a8c800 Uncommon trap: reason=array_check action=maybe_recompile pc=0x0000000002b2f91c method=java.util.AbstractCollection.toArray([Ljava/lang/Object;)[Ljava/lang/Object; @ 119
Event: 8.057 Thread 0x0000000019a8c800 Uncommon trap: reason=array_check action=maybe_recompile pc=0x0000000002b2f91c method=java.util.AbstractCollection.toArray([Ljava/lang/Object;)[Ljava/lang/Object; @ 119
Event: 8.057 Thread 0x0000000019a8c800 Uncommon trap: reason=array_check action=maybe_recompile pc=0x0000000002b2f91c method=java.util.AbstractCollection.toArray([Ljava/lang/Object;)[Ljava/lang/Object; @ 119
Event: 8.058 Thread 0x0000000019a8c800 Uncommon trap: reason=array_check action=maybe_recompile pc=0x0000000002b2f91c method=java.util.AbstractCollection.toArray([Ljava/lang/Object;)[Ljava/lang/Object; @ 119
Event: 17.586 Thread 0x0000000019a8c800 Uncommon trap: reason=unstable_if action=reinterpret pc=0x0000000002c2105c method=java.util.LinkedHashMap.afterNodeInsertion(Z)V @ 18
Event: 17.966 Thread 0x0000000019a8c800 Uncommon trap: reason=unstable_if action=reinterpret pc=0x0000000002718740 method=java.util.WeakHashMap.expungeStaleEntries()V @ 9
Event: 18.217 Thread 0x0000000019a8c800 Uncommon trap: reason=bimorphic action=maybe_recompile pc=0x0000000002c6df1c method=java.security.MessageDigest$Delegate.engineUpdate([BII)V @ 7
Event: 18.217 Thread 0x0000000019a8c800 Uncommon trap: reason=bimorphic action=maybe_recompile pc=0x0000000002c6df1c method=java.security.MessageDigest$Delegate.engineUpdate([BII)V @ 7
Event: 18.217 Thread 0x0000000019a8c800 Uncommon trap: reason=bimorphic action=maybe_recompile pc=0x0000000002c6d204 method=sun.security.provider.DigestBase.engineUpdate([BII)V @ 128

Internal exceptions (10 events):
Event: 17.842 Thread 0x0000000019a8c800 Exception <a 'java/lang/ClassNotFoundException': org/gradle/api/internal/plugins/DefaultObjectConfigurationActionBeanInfo> (0x00000000d5c28f40) thrown at [C:\re\workspace\8-2-build-windows-amd64-cygwin\jdk8u101\7261\hotspot\src\share\vm\classfile\systemDic
Event: 17.843 Thread 0x0000000019a8c800 Exception <a 'java/lang/ClassNotFoundException': org/gradle/api/internal/plugins/DefaultObjectConfigurationActionCustomizer> (0x00000000d5c551c0) thrown at [C:\re\workspace\8-2-build-windows-amd64-cygwin\jdk8u101\7261\hotspot\src\share\vm\classfile\systemD–OF˜ßÿ1@
Event: 17.846 Thread 0x0000000019a8c800 Exception <a 'java/lang/ClassNotFoundException': org/gradle/api/plugins/ObjectConfigurationActionBeanInfo> (0x00000000d5c98838) thrown at [C:\re\workspace\8-2-build-windows-amd64-cygwin\jdk8u101\7261\hotspot\src\share\vm\classfile\systemDictionary.cpp, linií¡U›ÿ1@
Event: 17.847 Thread 0x0000000019a8c800 Exception <a 'java/lang/ClassNotFoundException': org/gradle/api/plugins/ObjectConfigurationActionCustomizer> (0x00000000d5cbdb78) thrown at [C:\re\workspace\8-2-build-windows-amd64-cygwin\jdk8u101\7261\hotspot\src\share\vm\classfile\systemDictionary.cpp, lWDùZˆ1@
Event: 17.962 Thread 0x0000000019a8c800 Exception <a 'java/lang/ClassNotFoundException': org/gradle/api/internal/project/DefaultProject_DecoratedBeanInfo> (0x00000000d632d048) thrown at [C:\re\workspace\8-2-build-windows-amd64-cygwin\jdk8u101\7261\hotspot\src\share\vm\classfile\systemDictionary.ød≈„ñˆ1@
Event: 17.963 Thread 0x0000000019a8c800 Exception <a 'java/lang/ClassNotFoundException': org/gradle/api/internal/project/DefaultProjectBeanInfo> (0x00000000d6351c88) thrown at [C:\re\workspace\8-2-build-windows-amd64-cygwin\jdk8u101\7261\hotspot\src\share\vm\classfile\systemDictionary.cpp, line ËØí⁄Ãˆ1@
Event: 17.964 Thread 0x0000000019a8c800 Exception <a 'java/lang/ClassNotFoundException': org/gradle/api/internal/project/AbstractProjectBeanInfo> (0x00000000d6377200) thrown at [C:\re\workspace\8-2-build-windows-amd64-cygwin\jdk8u101\7261\hotspot\src\share\vm\classfile\systemDictionary.cpp, liner√ò˜1@
Event: 17.965 Thread 0x0000000019a8c800 Exception <a 'java/lang/ClassNotFoundException': org/gradle/api/internal/project/AbstractProjectCustomizer> (0x00000000d639d140) thrown at [C:\re\workspace\8-2-build-windows-amd64-cygwin\jdk8u101\7261\hotspot\src\share\vm\classfile\systemDictionary.cpp, liá1f…¯1@
Event: 17.972 Thread 0x0000000019a8c800 Exception <a 'java/lang/ClassNotFoundException': org/gradle/api/internal/project/DefaultProjectCustomizer> (0x00000000d64663f0) thrown at [C:\re\workspace\8-2-build-windows-amd64-cygwin\jdk8u101\7261\hotspot\src\share\vm\classfile\systemDictionary.cpp, lin¿P∏Â8˘1@
Event: 17.974 Thread 0x0000000019a8c800 Exception <a 'java/lang/ClassNotFoundException': org/gradle/api/internal/project/DefaultProject_DecoratedCustomizer> (0x00000000d64a4340) thrown at [C:\re\workspace\8-2-build-windows-amd64-cygwin\jdk8u101\7261\hotspot\src\share\vm\classfile\systemDictionarHˇ'°◊1@

Events (10 events):
Event: 18.359 loading class org/gradle/api/internal/tasks/compile/JavaHomeBasedJavaCompilerFactory
Event: 18.359 loading class org/gradle/api/internal/tasks/compile/JavaHomeBasedJavaCompilerFactory done
Event: 18.360 loading class org/gradle/api/internal/tasks/compile/JavaHomeBasedJavaCompilerFactory$CurrentJvmJavaHomeFactory
Event: 18.360 loading class org/gradle/api/internal/tasks/compile/JavaHomeBasedJavaCompilerFactory$CurrentJvmJavaHomeFactory done
Event: 18.377 loading class org/gradle/api/internal/tasks/compile/JavaHomeBasedJavaCompilerFactory$SystemPropertiesJavaHomeFactory
Event: 18.377 loading class org/gradle/api/internal/tasks/compile/JavaHomeBasedJavaCompilerFactory$SystemPropertiesJavaHomeFactory done
Event: 18.377 loading class org/gradle/api/internal/tasks/compile/JavaHomeBasedJavaCompilerFactory$SystemJavaCompilerFactory
Event: 18.377 loading class org/gradle/api/internal/tasks/compile/JavaHomeBasedJavaCompilerFactory$SystemJavaCompilerFactory done
Event: 18.378 loading class org/gradle/api/internal/tasks/compile/DefaultJavaCompilerFactory
Event: 18.378 loading class org/gradle/api/internal/tasks/compile/DefaultJavaCompilerFactory done


Dynamic libraries:
0x00007ff6343a0000 - 0x00007ff6343d7000 	C:\Program Files\Java\jdk1.8.0_101\bin\java.exe
0x00007ffc46770000 - 0x00007ffc46932000 	C:\WINDOWS\SYSTEM32\ntdll.dll
0x00007ffc46450000 - 0x00007ffc464fd000 	C:\WINDOWS\system32\KERNEL32.DLL
0x00007ffc43af0000 - 0x00007ffc43ccd000 	C:\WINDOWS\system32\KERNELBASE.dll
0x00007ffc43e40000 - 0x00007ffc43ee6000 	C:\WINDOWS\system32\ADVAPI32.dll
0x00007ffc44e80000 - 0x00007ffc44f1d000 	C:\WINDOWS\system32\msvcrt.dll
0x00007ffc44c70000 - 0x00007ffc44ccb000 	C:\WINDOWS\system32\sechost.dll
0x00007ffc46520000 - 0x00007ffc46646000 	C:\WINDOWS\system32\RPCRT4.dll
0x00007ffc44330000 - 0x00007ffc4447e000 	C:\WINDOWS\system32\USER32.dll
0x00007ffc44010000 - 0x00007ffc44195000 	C:\WINDOWS\system32\GDI32.dll
0x00007ffc36900000 - 0x00007ffc36b74000 	C:\WINDOWS\WinSxS\amd64_microsoft.windows.common-controls_6595b64144ccf1df_6.0.10240.16384_none_f41f7b285750ef43\COMCTL32.dll
0x00007ffc46650000 - 0x00007ffc46686000 	C:\WINDOWS\system32\IMM32.DLL
0x00007ffc44650000 - 0x00007ffc447ac000 	C:\WINDOWS\system32\MSCTF.dll
0x0000000060360000 - 0x0000000060432000 	C:\Program Files\Java\jdk1.8.0_101\jre\bin\msvcr100.dll
0x000000005fac0000 - 0x000000006035a000 	C:\Program Files\Java\jdk1.8.0_101\jre\bin\server\jvm.dll
0x00007ffc447b0000 - 0x00007ffc447b8000 	C:\WINDOWS\system32\PSAPI.DLL
0x00007ffc38180000 - 0x00007ffc3818a000 	C:\WINDOWS\SYSTEM32\VERSION.dll
0x00007ffc35f10000 - 0x00007ffc35f33000 	C:\WINDOWS\SYSTEM32\WINMM.dll
0x00007ffc389e0000 - 0x00007ffc389e9000 	C:\WINDOWS\SYSTEM32\WSOCK32.dll
0x00007ffc445e0000 - 0x00007ffc44649000 	C:\WINDOWS\system32\WS2_32.dll
0x00007ffc46760000 - 0x00007ffc46768000 	C:\WINDOWS\system32\NSI.dll
0x00007ffc35ee0000 - 0x00007ffc35f0c000 	C:\WINDOWS\SYSTEM32\WINMMBASE.dll
0x00007ffc43470000 - 0x00007ffc434b4000 	C:\WINDOWS\system32\cfgmgr32.dll
0x00007ffc41b10000 - 0x00007ffc41b37000 	C:\WINDOWS\SYSTEM32\DEVOBJ.dll
0x000000005fab0000 - 0x000000005fabf000 	C:\Program Files\Java\jdk1.8.0_101\jre\bin\verify.dll
0x000000005fa80000 - 0x000000005faa9000 	C:\Program Files\Java\jdk1.8.0_101\jre\bin\java.dll
0x000000005fa60000 - 0x000000005fa76000 	C:\Program Files\Java\jdk1.8.0_101\jre\bin\zip.dll
0x00007ffc44f20000 - 0x00007ffc46445000 	C:\WINDOWS\system32\SHELL32.dll
0x00007ffc434c0000 - 0x00007ffc43ae8000 	C:\WINDOWS\system32\windows.storage.dll
0x00007ffc44990000 - 0x00007ffc44c0c000 	C:\WINDOWS\system32\combase.dll
0x00007ffc44c10000 - 0x00007ffc44c61000 	C:\WINDOWS\system32\shlwapi.dll
0x00007ffc43210000 - 0x00007ffc4321f000 	C:\WINDOWS\system32\kernel.appcore.dll
0x00007ffc43d80000 - 0x00007ffc43e33000 	C:\WINDOWS\system32\shcore.dll
0x00007ffc431c0000 - 0x00007ffc4320a000 	C:\WINDOWS\system32\powrprof.dll
0x00007ffc43220000 - 0x00007ffc43233000 	C:\WINDOWS\system32\profapi.dll
0x000000005fa40000 - 0x000000005fa5a000 	C:\Program Files\Java\jdk1.8.0_101\jre\bin\net.dll
0x00007ffc42a10000 - 0x00007ffc42a6d000 	C:\WINDOWS\system32\mswsock.dll
0x000000005fa20000 - 0x000000005fa31000 	C:\Program Files\Java\jdk1.8.0_101\jre\bin\nio.dll
0x00007ffc3f1d0000 - 0x00007ffc3f1e2000 	C:\Users\jparedes\.gradle\native\19\windows-amd64\native-platform.dll
0x00007ffc42a70000 - 0x00007ffc42a87000 	C:\WINDOWS\SYSTEM32\CRYPTSP.dll
0x00007ffc430d0000 - 0x00007ffc430f8000 	C:\WINDOWS\SYSTEM32\bcrypt.dll
0x00007ffc42660000 - 0x00007ffc42693000 	C:\WINDOWS\system32\rsaenh.dll
0x00007ffc428a0000 - 0x00007ffc428bf000 	C:\WINDOWS\SYSTEM32\USERENV.dll
0x00007ffc42fc0000 - 0x00007ffc4302b000 	C:\WINDOWS\system32\bcryptprimitives.dll
0x00007ffc42be0000 - 0x00007ffc42beb000 	C:\WINDOWS\SYSTEM32\CRYPTBASE.dll
0x00007ffc40fc0000 - 0x00007ffc40ff8000 	C:\WINDOWS\SYSTEM32\IPHLPAPI.DLL
0x00007ffc40fb0000 - 0x00007ffc40fbb000 	C:\WINDOWS\SYSTEM32\WINNSI.DLL
0x00007ffc402b0000 - 0x00007ffc402c6000 	C:\WINDOWS\SYSTEM32\dhcpcsvc6.DLL
0x00007ffc40250000 - 0x00007ffc4026a000 	C:\WINDOWS\SYSTEM32\dhcpcsvc.DLL
0x000000005fa10000 - 0x000000005fa1d000 	C:\Program Files\Java\jdk1.8.0_101\jre\bin\management.dll

VM Arguments:
jvm_args: -Xmx2048m -Dfile.encoding=windows-1252 -Duser.country=MX -Duser.language=es -Duser.variant 
java_command: org.gradle.launcher.daemon.bootstrap.GradleDaemon 2.14.1
java_class_path (initial): C:\Users\jparedes\.gradle\wrapper\dists\gradle-2.14.1-all\53l0mv9mggp9q5m2ip574m21oh\gradle-2.14.1\lib\gradle-launcher-2.14.1.jar
Launcher Type: SUN_STANDARD

Environment Variables:
JAVA_HOME=C:\Program Files\java\jdk1.8.0_101
CLASSPATH=C:\Users\jparedes\Documents\Cordova\alfa\platforms\android\\gradle\wrapper\gradle-wrapper.jar
PATH=C:\Users\jparedes\AppData\Roaming\npm;C:\Program Files\nodejs\;C:\ProgramData\Oracle\Java\javapath;C:\WINDOWS\system32;C:\WINDOWS;C:\WINDOWS\System32\Wbem;C:\WINDOWS\System32\WindowsPowerShell\v1.0\;C:\Users\lberjez\.dnx\bin;C:\Program Files\Microsoft DNX\Dnvm\;C:\Program Files\Microsoft SQL Server\130\Tools\Binn\;C:\Program Files\TortoiseSVN\bin;C:\Program Files (x86)\Android\android-sdk\tools;C:\Program Files (x86)\Android\android-sdk\platform-tools;C:\Program Files (x86)\Microsoft Visual Studio\Common\Tools\WinNT;C:\Program Files (x86)\Microsoft Visual Studio\Common\MSDev98\Bin;C:\Program Files (x86)\Microsoft Visual Studio\Common\Tools;C:\Program Files (x86)\Microsoft Visual Studio\VC98\bin;C:\Users\lberjez\AppData\Roaming\npm;C:\Program Files (x86)\Android\android-sdk;C:\Program Files (x86)\Android\android-sdk;C:\adb;C:\Program Files (x86)\Skype\Phone\;C:\Program Files\Git\cmd;C:\Program Files (x86)\Calibre2\;C:\Program Files\Microsoft SQL Server\Client SDK\ODBC\130\Tools\Binn\;C:\Program Files (x86)\Microsoft SQL Server\130\Tools\Binn\;C:\Program Files\Microsoft SQL Server\130\DTS\Binn\;C:\Program Files (x86)\Microsoft SQL Server\Client SDK\ODBC\130\Tools\Binn\;C:\Program Files (x86)\Microsoft SQL Server\130\DTS\Binn\;C:\Program Files (x86)\Microsoft SQL Server\130\Tools\Binn\ManagementStudio\;C:\Users\jparedes\.dnx\bin;C:\Program Files\Microsoft DNX\Dnvm\;C:\Program Files (x86)\Windows Kits\8.1\Windows Performance Toolkit\;C:\Program Files (x86)\Microsoft Emulator Manager\1.0\;C:\Program Files\VisualSVN Server\bin;C:\Program Files (x86)\Bitvise SSH Client;C:\Program Files\nodejs\;C:\Program Files (x86)\Microsoft VS Code\bin;C:\Users\jparedes\AppData\Local\GitHubDesktop\bin;C:\Users\jparedes\AppData\Roaming\npm;C:\Program Files\java\jdk1.8.0_101\bin
USERNAME=jparedes
OS=Windows_NT
PROCESSOR_IDENTIFIER=Intel64 Family 6 Model 58 Stepping 9, GenuineIntel



---------------  S Y S T E M  ---------------

OS: Windows 10.0 , 64 bit Build 10240 (10.0.10240.16384)

CPU:total 4 (2 cores per cpu, 2 threads per core) family 6 model 58 stepping 9, cmov, cx8, fxsr, mmx, sse, sse2, sse3, ssse3, sse4.1, sse4.2, popcnt, avx, aes, clmul, erms, ht, tsc, tscinvbit, tscinv

Memory: 4k page, physical 6085992k(906048k free), swap 24960360k(8732k free)

vm_info: Java HotSpot(TM) 64-Bit Server VM (25.101-b13) for windows-amd64 JRE (1.8.0_101-b13), built on Jun 22 2016 01:21:29 by "java_re" with MS VC++ 10.0 (VS2010)

time: Thu Apr 05 15:13:03 2018
elapsed time: 18 seconds (0d 0h 0m 18s)

